DEBUG [01:06:29.235:MainProcess:MainThread:log.py:68] Command: """/home/akhilp24/.conda/envs/remora_env/bin/remora analyze plot ref_region --pod5-and-bam /project/romano_shared/telomeres/data/Minion_8/pod5 /project/romano_shared/telomeres/data/testing/plotting/minion8_q9/mapq60/g31/SQK-NBD114-24_barcode14.sorted.bam --pod5-and-bam /project/romano_shared/telomeres/data/Minion_8/pod5 /project/romano_shared/telomeres/data/testing/plotting/minion8_q9/mapq60/g31/SQK-NBD114-24_barcode13.sorted.bam --ref-regions stationaryfiles/focus_reference_positionscan.bed --highlight-ranges stationaryfiles/focus_reference_positionsG31.bed --refine-kmer-level-table stationaryfiles/levels.txt --refine-rough-rescale --log-filename plot.log"""
DEBUG [01:06:32.788:MainProcess:MainThread:refine_signal_map.py:282] K-mer index stats:
	0	   1093.06
	1	   2610.20
	2	   1798.03
	3	    429.58
	4	   3918.88
	5	  30442.12
	6	 167772.44
	7	   6201.09
	8	    596.67

DEBUG [01:06:32.788:MainProcess:MainThread:refine_signal_map.py:283] Choosen central position: 6
DEBUG [01:06:33.992:MainProcess:MainThread:refine_signal_map.py:321] Refine short dwell penalty array: [8.  4.5 2. ]
DEBUG [01:06:46.880:MainProcess:MainThread:data_chunks.py:306] Refine mapping ::: shift: 527.5935997748923 -> 527.5935997748923 scale: 154.67829118834874 -> 154.67829118834874
DEBUG [01:06:46.882:MainProcess:MainThread:data_chunks.py:306] Refine mapping ::: shift: 473.48313802202574 -> 473.48313802202574 scale: 141.517522080527 -> 141.517522080527
DEBUG [01:06:46.884:MainProcess:MainThread:data_chunks.py:306] Refine mapping ::: shift: 337.5033311531429 -> 337.5033311531429 scale: 111.66999860344481 -> 111.66999860344481
DEBUG [01:06:46.885:MainProcess:MainThread:data_chunks.py:306] Refine mapping ::: shift: 391.2090427235537 -> 391.2090427235537 scale: 119.34875086137731 -> 119.34875086137731
DEBUG [01:06:46.887:MainProcess:MainThread:data_chunks.py:306] Refine mapping ::: shift: 356.05222983667863 -> 356.05222983667863 scale: 112.92826758014557 -> 112.92826758014557
DEBUG [01:06:46.888:MainProcess:MainThread:data_chunks.py:306] Refine mapping ::: shift: 415.3833219940475 -> 415.3833219940475 scale: 130.03751244903236 -> 130.03751244903236
DEBUG [01:06:46.890:MainProcess:MainThread:data_chunks.py:306] Refine mapping ::: shift: 402.58763173961734 -> 402.58763173961734 scale: 121.97817763941039 -> 121.97817763941039
DEBUG [01:06:46.891:MainProcess:MainThread:data_chunks.py:306] Refine mapping ::: shift: 374.70809714977895 -> 374.70809714977895 scale: 115.34074305641296 -> 115.34074305641296
DEBUG [01:06:46.893:MainProcess:MainThread:data_chunks.py:306] Refine mapping ::: shift: 412.04906748099756 -> 412.04906748099756 scale: 121.1149416970804 -> 121.1149416970804
DEBUG [01:06:46.894:MainProcess:MainThread:data_chunks.py:306] Refine mapping ::: shift: 420.9760000577221 -> 420.9760000577221 scale: 114.06469364541168 -> 114.06469364541168
DEBUG [01:06:46.895:MainProcess:MainThread:data_chunks.py:306] Refine mapping ::: shift: 356.8846299302886 -> 356.8846299302886 scale: 107.56264954165806 -> 107.56264954165806
DEBUG [01:06:46.897:MainProcess:MainThread:data_chunks.py:306] Refine mapping ::: shift: 336.57456571953117 -> 336.57456571953117 scale: 119.90574161200011 -> 119.90574161200011
DEBUG [01:06:46.898:MainProcess:MainThread:data_chunks.py:306] Refine mapping ::: shift: 471.87841155220576 -> 471.87841155220576 scale: 131.98778034716653 -> 131.98778034716653
DEBUG [01:06:46.900:MainProcess:MainThread:data_chunks.py:306] Refine mapping ::: shift: 392.6091623034704 -> 392.6091623034704 scale: 113.92588091450024 -> 113.92588091450024
DEBUG [01:06:46.901:MainProcess:MainThread:data_chunks.py:306] Refine mapping ::: shift: 414.4785862409667 -> 414.4785862409667 scale: 124.28410882572844 -> 124.28410882572844
DEBUG [01:06:46.902:MainProcess:MainThread:data_chunks.py:306] Refine mapping ::: shift: 431.0132490030928 -> 431.0132490030928 scale: 124.36968611616665 -> 124.36968611616665
DEBUG [01:06:46.906:MainProcess:MainThread:data_chunks.py:306] Refine mapping ::: shift: 436.32336830474696 -> 436.32336830474696 scale: 125.36604238078225 -> 125.36604238078225
DEBUG [01:06:46.908:MainProcess:MainThread:data_chunks.py:306] Refine mapping ::: shift: 364.3446846763677 -> 364.3446846763677 scale: 118.25021224435484 -> 118.25021224435484
DEBUG [01:06:46.909:MainProcess:MainThread:data_chunks.py:306] Refine mapping ::: shift: 422.4974378471113 -> 422.4974378471113 scale: 122.93795942771578 -> 122.93795942771578
DEBUG [01:06:46.910:MainProcess:MainThread:data_chunks.py:306] Refine mapping ::: shift: 380.3458562275455 -> 380.3458562275455 scale: 111.48391249584095 -> 111.48391249584095
DEBUG [01:06:46.912:MainProcess:MainThread:data_chunks.py:306] Refine mapping ::: shift: 397.80862899458816 -> 397.80862899458816 scale: 119.07088122936324 -> 119.07088122936324
DEBUG [01:06:46.913:MainProcess:MainThread:data_chunks.py:306] Refine mapping ::: shift: 516.0196719891351 -> 516.0196719891351 scale: 152.7855128643572 -> 152.7855128643572
DEBUG [01:06:46.914:MainProcess:MainThread:data_chunks.py:306] Refine mapping ::: shift: 476.70815582239993 -> 476.70815582239993 scale: 130.9956089017581 -> 130.9956089017581
DEBUG [01:06:46.916:MainProcess:MainThread:data_chunks.py:306] Refine mapping ::: shift: 374.0325223822633 -> 374.0325223822633 scale: 104.36642058295146 -> 104.36642058295146
DEBUG [01:06:46.917:MainProcess:MainThread:data_chunks.py:306] Refine mapping ::: shift: 480.14361271193275 -> 480.14361271193275 scale: 141.12014866017716 -> 141.12014866017716
DEBUG [01:06:46.918:MainProcess:MainThread:data_chunks.py:306] Refine mapping ::: shift: 468.3502828233145 -> 468.3502828233145 scale: 134.60804932063425 -> 134.60804932063425
DEBUG [01:06:46.920:MainProcess:MainThread:data_chunks.py:306] Refine mapping ::: shift: 451.604697641342 -> 451.604697641342 scale: 134.77225775246498 -> 134.77225775246498
DEBUG [01:06:46.921:MainProcess:MainThread:data_chunks.py:306] Refine mapping ::: shift: 374.3181779843153 -> 374.3181779843153 scale: 113.590457966128 -> 113.590457966128
DEBUG [01:06:46.922:MainProcess:MainThread:data_chunks.py:306] Refine mapping ::: shift: 391.44935885433597 -> 391.44935885433597 scale: 121.33422904358241 -> 121.33422904358241
DEBUG [01:06:46.924:MainProcess:MainThread:data_chunks.py:306] Refine mapping ::: shift: 382.6453244776244 -> 382.6453244776244 scale: 123.88291126893819 -> 123.88291126893819
DEBUG [01:06:46.925:MainProcess:MainThread:data_chunks.py:306] Refine mapping ::: shift: 412.9434992261074 -> 412.9434992261074 scale: 132.69173017628566 -> 132.69173017628566
DEBUG [01:06:46.926:MainProcess:MainThread:data_chunks.py:306] Refine mapping ::: shift: 396.0837622322497 -> 396.0837622322497 scale: 105.1393453224309 -> 105.1393453224309
DEBUG [01:06:46.928:MainProcess:MainThread:data_chunks.py:306] Refine mapping ::: shift: 474.0610904311761 -> 474.0610904311761 scale: 138.41094105917716 -> 138.41094105917716
DEBUG [01:06:46.929:MainProcess:MainThread:data_chunks.py:306] Refine mapping ::: shift: 474.31466254320867 -> 474.31466254320867 scale: 133.1172496629371 -> 133.1172496629371
DEBUG [01:06:46.931:MainProcess:MainThread:data_chunks.py:306] Refine mapping ::: shift: 376.683809602599 -> 376.683809602599 scale: 110.63015447199733 -> 110.63015447199733
DEBUG [01:06:46.932:MainProcess:MainThread:data_chunks.py:306] Refine mapping ::: shift: 376.2233673669714 -> 376.2233673669714 scale: 123.09494795197138 -> 123.09494795197138
DEBUG [01:06:46.934:MainProcess:MainThread:data_chunks.py:306] Refine mapping ::: shift: 383.9394133327646 -> 383.9394133327646 scale: 115.20285980826607 -> 115.20285980826607
DEBUG [01:06:46.935:MainProcess:MainThread:data_chunks.py:306] Refine mapping ::: shift: 418.45938103243157 -> 418.45938103243157 scale: 122.73495919007462 -> 122.73495919007462
DEBUG [01:06:46.936:MainProcess:MainThread:data_chunks.py:306] Refine mapping ::: shift: 428.29576439155085 -> 428.29576439155085 scale: 131.1083893408728 -> 131.1083893408728
DEBUG [01:06:46.938:MainProcess:MainThread:data_chunks.py:306] Refine mapping ::: shift: 364.807685797512 -> 364.807685797512 scale: 119.42446005861706 -> 119.42446005861706
DEBUG [01:06:46.939:MainProcess:MainThread:data_chunks.py:306] Refine mapping ::: shift: 415.83279139890647 -> 415.83279139890647 scale: 117.3248009805863 -> 117.3248009805863
DEBUG [01:06:46.940:MainProcess:MainThread:data_chunks.py:306] Refine mapping ::: shift: 356.26032048467596 -> 356.26032048467596 scale: 106.84401196326004 -> 106.84401196326004
DEBUG [01:06:46.942:MainProcess:MainThread:data_chunks.py:306] Refine mapping ::: shift: 360.97311133471203 -> 360.97311133471203 scale: 106.61937061084274 -> 106.61937061084274
DEBUG [01:06:46.943:MainProcess:MainThread:data_chunks.py:306] Refine mapping ::: shift: 398.4393929706039 -> 398.4393929706039 scale: 119.31223261682271 -> 119.31223261682271
DEBUG [01:06:46.945:MainProcess:MainThread:data_chunks.py:306] Refine mapping ::: shift: 373.4486027626915 -> 373.4486027626915 scale: 117.54131966843457 -> 117.54131966843457
DEBUG [01:06:46.946:MainProcess:MainThread:data_chunks.py:306] Refine mapping ::: shift: 452.66863296757765 -> 452.66863296757765 scale: 125.40523616532852 -> 125.40523616532852
DEBUG [01:06:46.947:MainProcess:MainThread:data_chunks.py:306] Refine mapping ::: shift: 482.0838823656545 -> 482.0838823656545 scale: 141.76996229532625 -> 141.76996229532625
DEBUG [01:06:46.949:MainProcess:MainThread:data_chunks.py:306] Refine mapping ::: shift: 491.06133836829486 -> 491.06133836829486 scale: 140.43796135560646 -> 140.43796135560646
DEBUG [01:06:46.950:MainProcess:MainThread:data_chunks.py:306] Refine mapping ::: shift: 394.08988513996246 -> 394.08988513996246 scale: 116.16530754661781 -> 116.16530754661781
DEBUG [01:06:46.951:MainProcess:MainThread:data_chunks.py:306] Refine mapping ::: shift: 511.63831964177643 -> 511.63831964177643 scale: 147.04678398951836 -> 147.04678398951836
DEBUG [01:06:52.828:MainProcess:MainThread:data_chunks.py:306] Refine mapping ::: shift: 409.67182989005187 -> 409.67182989005187 scale: 121.159544597717 -> 121.159544597717
DEBUG [01:06:52.830:MainProcess:MainThread:data_chunks.py:306] Refine mapping ::: shift: 377.6588125202775 -> 377.6588125202775 scale: 107.74402934020651 -> 107.74402934020651
DEBUG [01:06:52.832:MainProcess:MainThread:data_chunks.py:306] Refine mapping ::: shift: 368.6511085554339 -> 368.6511085554339 scale: 123.86662070178225 -> 123.86662070178225
DEBUG [01:06:52.833:MainProcess:MainThread:data_chunks.py:306] Refine mapping ::: shift: 401.1066884165382 -> 401.1066884165382 scale: 137.03675895771605 -> 137.03675895771605
DEBUG [01:06:52.835:MainProcess:MainThread:data_chunks.py:306] Refine mapping ::: shift: 438.92126529709503 -> 438.92126529709503 scale: 118.31488800236976 -> 118.31488800236976
DEBUG [01:06:52.836:MainProcess:MainThread:data_chunks.py:306] Refine mapping ::: shift: 469.5980140047916 -> 469.5980140047916 scale: 144.88662538083432 -> 144.88662538083432
DEBUG [01:06:52.838:MainProcess:MainThread:data_chunks.py:306] Refine mapping ::: shift: 390.5776799093237 -> 390.5776799093237 scale: 124.90198334586366 -> 124.90198334586366
DEBUG [01:06:52.839:MainProcess:MainThread:data_chunks.py:306] Refine mapping ::: shift: 490.43388434737744 -> 490.43388434737744 scale: 136.68207916443782 -> 136.68207916443782
DEBUG [01:06:52.841:MainProcess:MainThread:data_chunks.py:306] Refine mapping ::: shift: 348.71008639879324 -> 348.71008639879324 scale: 104.95204187140335 -> 104.95204187140335
DEBUG [01:06:52.842:MainProcess:MainThread:data_chunks.py:306] Refine mapping ::: shift: 389.89376267493935 -> 389.89376267493935 scale: 120.43859571223568 -> 120.43859571223568
DEBUG [01:06:52.843:MainProcess:MainThread:data_chunks.py:306] Refine mapping ::: shift: 509.420821845456 -> 509.420821845456 scale: 137.6956629217649 -> 137.6956629217649
DEBUG [01:06:52.845:MainProcess:MainThread:data_chunks.py:306] Refine mapping ::: shift: 519.7725176555036 -> 519.7725176555036 scale: 151.67882559205367 -> 151.67882559205367
DEBUG [01:06:52.846:MainProcess:MainThread:data_chunks.py:306] Refine mapping ::: shift: 430.30325004995075 -> 430.30325004995075 scale: 129.45818741058085 -> 129.45818741058085
DEBUG [01:06:52.848:MainProcess:MainThread:data_chunks.py:306] Refine mapping ::: shift: 410.7895255194185 -> 410.7895255194185 scale: 122.07134023887318 -> 122.07134023887318
DEBUG [01:06:52.849:MainProcess:MainThread:data_chunks.py:306] Refine mapping ::: shift: 502.99917099112236 -> 502.99917099112236 scale: 146.89897443771181 -> 146.89897443771181
DEBUG [01:06:52.851:MainProcess:MainThread:data_chunks.py:306] Refine mapping ::: shift: 449.45060554970223 -> 449.45060554970223 scale: 144.84195046579063 -> 144.84195046579063
DEBUG [01:06:52.852:MainProcess:MainThread:data_chunks.py:306] Refine mapping ::: shift: 511.96104191147697 -> 511.96104191147697 scale: 136.73000916027692 -> 136.73000916027692
DEBUG [01:06:52.853:MainProcess:MainThread:data_chunks.py:306] Refine mapping ::: shift: 465.4962177916391 -> 465.4962177916391 scale: 131.8733168890764 -> 131.8733168890764
DEBUG [01:06:52.855:MainProcess:MainThread:data_chunks.py:306] Refine mapping ::: shift: 448.4187773314129 -> 448.4187773314129 scale: 128.99586935590094 -> 128.99586935590094
DEBUG [01:06:52.856:MainProcess:MainThread:data_chunks.py:306] Refine mapping ::: shift: 395.99410021734275 -> 395.99410021734275 scale: 117.92764829987149 -> 117.92764829987149
DEBUG [01:06:52.858:MainProcess:MainThread:data_chunks.py:306] Refine mapping ::: shift: 383.3753234734827 -> 383.3753234734827 scale: 122.14830907555846 -> 122.14830907555846
DEBUG [01:06:52.859:MainProcess:MainThread:data_chunks.py:306] Refine mapping ::: shift: 500.72107681286343 -> 500.72107681286343 scale: 140.49979705083243 -> 140.49979705083243
DEBUG [01:06:52.860:MainProcess:MainThread:data_chunks.py:306] Refine mapping ::: shift: 360.243432090826 -> 360.243432090826 scale: 123.40015230382664 -> 123.40015230382664
DEBUG [01:06:52.862:MainProcess:MainThread:data_chunks.py:306] Refine mapping ::: shift: 377.6510723598676 -> 377.6510723598676 scale: 116.72855376278999 -> 116.72855376278999
DEBUG [01:06:52.864:MainProcess:MainThread:data_chunks.py:306] Refine mapping ::: shift: 468.72235390414744 -> 468.72235390414744 scale: 128.38373353354612 -> 128.38373353354612
DEBUG [01:06:52.865:MainProcess:MainThread:data_chunks.py:306] Refine mapping ::: shift: 393.73348120843457 -> 393.73348120843457 scale: 118.11595304112238 -> 118.11595304112238
DEBUG [01:06:52.866:MainProcess:MainThread:data_chunks.py:306] Refine mapping ::: shift: 382.60541827641964 -> 382.60541827641964 scale: 121.59488699676122 -> 121.59488699676122
DEBUG [01:06:52.868:MainProcess:MainThread:data_chunks.py:306] Refine mapping ::: shift: 439.83576201369897 -> 439.83576201369897 scale: 131.441454011923 -> 131.441454011923
DEBUG [01:06:52.869:MainProcess:MainThread:data_chunks.py:306] Refine mapping ::: shift: 493.77864807675087 -> 493.77864807675087 scale: 142.10910588275883 -> 142.10910588275883
DEBUG [01:06:52.871:MainProcess:MainThread:data_chunks.py:306] Refine mapping ::: shift: 431.30396461438386 -> 431.30396461438386 scale: 128.8707208911398 -> 128.8707208911398
DEBUG [01:06:52.872:MainProcess:MainThread:data_chunks.py:306] Refine mapping ::: shift: 392.85996749554715 -> 392.85996749554715 scale: 119.621917194659 -> 119.621917194659
DEBUG [01:06:52.874:MainProcess:MainThread:data_chunks.py:306] Refine mapping ::: shift: 474.1229857114006 -> 474.1229857114006 scale: 132.93239428116382 -> 132.93239428116382
DEBUG [01:06:52.875:MainProcess:MainThread:data_chunks.py:306] Refine mapping ::: shift: 310.15258674410825 -> 310.15258674410825 scale: 108.68895830938976 -> 108.68895830938976
DEBUG [01:06:52.876:MainProcess:MainThread:data_chunks.py:306] Refine mapping ::: shift: 417.24692180106695 -> 417.24692180106695 scale: 121.79585189522881 -> 121.79585189522881
DEBUG [01:06:52.878:MainProcess:MainThread:data_chunks.py:306] Refine mapping ::: shift: 438.21448857287396 -> 438.21448857287396 scale: 132.65432994664647 -> 132.65432994664647
DEBUG [01:06:52.879:MainProcess:MainThread:data_chunks.py:306] Refine mapping ::: shift: 499.41169463884853 -> 499.41169463884853 scale: 144.73344781416642 -> 144.73344781416642
DEBUG [01:06:52.880:MainProcess:MainThread:data_chunks.py:306] Refine mapping ::: shift: 397.5001232857894 -> 397.5001232857894 scale: 126.72239080220872 -> 126.72239080220872
DEBUG [01:06:52.882:MainProcess:MainThread:data_chunks.py:306] Refine mapping ::: shift: 414.61472044286484 -> 414.61472044286484 scale: 124.12544381615977 -> 124.12544381615977
DEBUG [01:06:52.883:MainProcess:MainThread:data_chunks.py:306] Refine mapping ::: shift: 363.21831705565546 -> 363.21831705565546 scale: 121.96162777809666 -> 121.96162777809666
DEBUG [01:06:52.885:MainProcess:MainThread:data_chunks.py:306] Refine mapping ::: shift: 386.9328378205089 -> 386.9328378205089 scale: 124.3818628101924 -> 124.3818628101924
DEBUG [01:06:52.886:MainProcess:MainThread:data_chunks.py:306] Refine mapping ::: shift: 346.8687772757371 -> 346.8687772757371 scale: 110.15127233708958 -> 110.15127233708958
DEBUG [01:06:52.887:MainProcess:MainThread:data_chunks.py:306] Refine mapping ::: shift: 409.34694337341716 -> 409.34694337341716 scale: 120.72923221943526 -> 120.72923221943526
DEBUG [01:06:52.889:MainProcess:MainThread:data_chunks.py:306] Refine mapping ::: shift: 402.0298115176106 -> 402.0298115176106 scale: 119.37257484423823 -> 119.37257484423823
DEBUG [01:06:52.890:MainProcess:MainThread:data_chunks.py:306] Refine mapping ::: shift: 420.22089079293573 -> 420.22089079293573 scale: 117.95956295485317 -> 117.95956295485317
DEBUG [01:06:52.892:MainProcess:MainThread:data_chunks.py:306] Refine mapping ::: shift: 480.20253485307194 -> 480.20253485307194 scale: 128.85603158773554 -> 128.85603158773554
DEBUG [01:06:52.893:MainProcess:MainThread:data_chunks.py:306] Refine mapping ::: shift: 373.3296178477567 -> 373.3296178477567 scale: 112.23632871943794 -> 112.23632871943794
DEBUG [01:06:52.895:MainProcess:MainThread:data_chunks.py:306] Refine mapping ::: shift: 458.9490400995305 -> 458.9490400995305 scale: 144.55237134864333 -> 144.55237134864333
DEBUG [01:06:52.896:MainProcess:MainThread:data_chunks.py:306] Refine mapping ::: shift: 370.3874377384359 -> 370.3874377384359 scale: 117.21031692148495 -> 117.21031692148495
DEBUG [01:06:52.897:MainProcess:MainThread:data_chunks.py:306] Refine mapping ::: shift: 378.87317385345887 -> 378.87317385345887 scale: 112.84604150537005 -> 112.84604150537005
DEBUG [01:06:52.899:MainProcess:MainThread:data_chunks.py:306] Refine mapping ::: shift: 354.737823638603 -> 354.737823638603 scale: 106.53477576514021 -> 106.53477576514021
DEBUG [01:07:01.925:MainProcess:MainThread:data_chunks.py:306] Refine mapping ::: shift: 392.15809745815113 -> 392.15809745815113 scale: 129.34576912196317 -> 129.34576912196317
DEBUG [01:07:01.927:MainProcess:MainThread:data_chunks.py:306] Refine mapping ::: shift: 314.99070811877846 -> 314.99070811877846 scale: 100.16257539226153 -> 100.16257539226153
DEBUG [01:07:01.928:MainProcess:MainThread:data_chunks.py:306] Refine mapping ::: shift: 375.1850732983353 -> 375.1850732983353 scale: 108.02057542236885 -> 108.02057542236885
DEBUG [01:07:01.930:MainProcess:MainThread:data_chunks.py:306] Refine mapping ::: shift: 332.284590751166 -> 332.284590751166 scale: 117.68892841520896 -> 117.68892841520896
DEBUG [01:07:01.931:MainProcess:MainThread:data_chunks.py:306] Refine mapping ::: shift: 412.91233707024503 -> 412.91233707024503 scale: 117.73649877395874 -> 117.73649877395874
DEBUG [01:07:01.933:MainProcess:MainThread:data_chunks.py:306] Refine mapping ::: shift: 376.1915001302568 -> 376.1915001302568 scale: 109.49251403894121 -> 109.49251403894121
DEBUG [01:07:01.934:MainProcess:MainThread:data_chunks.py:306] Refine mapping ::: shift: 356.31628691404603 -> 356.31628691404603 scale: 112.34269781976501 -> 112.34269781976501
DEBUG [01:07:01.936:MainProcess:MainThread:data_chunks.py:306] Refine mapping ::: shift: 510.0644300915628 -> 510.0644300915628 scale: 145.4976809381229 -> 145.4976809381229
DEBUG [01:07:01.937:MainProcess:MainThread:data_chunks.py:306] Refine mapping ::: shift: 378.69894600396333 -> 378.69894600396333 scale: 115.60040595402585 -> 115.60040595402585
DEBUG [01:07:01.938:MainProcess:MainThread:data_chunks.py:306] Refine mapping ::: shift: 392.0238640883199 -> 392.0238640883199 scale: 123.02075114198107 -> 123.02075114198107
DEBUG [01:07:01.940:MainProcess:MainThread:data_chunks.py:306] Refine mapping ::: shift: 428.11836142822267 -> 428.11836142822267 scale: 125.44978557529018 -> 125.44978557529018
DEBUG [01:07:01.941:MainProcess:MainThread:data_chunks.py:306] Refine mapping ::: shift: 401.9220607457637 -> 401.9220607457637 scale: 112.72978750471451 -> 112.72978750471451
DEBUG [01:07:01.942:MainProcess:MainThread:data_chunks.py:306] Refine mapping ::: shift: 470.60216987756667 -> 470.60216987756667 scale: 142.9654516381093 -> 142.9654516381093
DEBUG [01:07:01.944:MainProcess:MainThread:data_chunks.py:306] Refine mapping ::: shift: 388.4775741319563 -> 388.4775741319563 scale: 118.44625961380117 -> 118.44625961380117
DEBUG [01:07:01.945:MainProcess:MainThread:data_chunks.py:306] Refine mapping ::: shift: 350.9171745898266 -> 350.9171745898266 scale: 112.02737707592458 -> 112.02737707592458
DEBUG [01:07:01.946:MainProcess:MainThread:data_chunks.py:306] Refine mapping ::: shift: 328.71410395268094 -> 328.71410395268094 scale: 107.77869803940122 -> 107.77869803940122
DEBUG [01:07:01.948:MainProcess:MainThread:data_chunks.py:306] Refine mapping ::: shift: 498.7251381439753 -> 498.7251381439753 scale: 145.68880515818998 -> 145.68880515818998
DEBUG [01:07:01.949:MainProcess:MainThread:data_chunks.py:306] Refine mapping ::: shift: 371.3073416258153 -> 371.3073416258153 scale: 116.62330385207673 -> 116.62330385207673
DEBUG [01:07:01.950:MainProcess:MainThread:data_chunks.py:306] Refine mapping ::: shift: 375.7829824744397 -> 375.7829824744397 scale: 117.81342510935258 -> 117.81342510935258
DEBUG [01:07:01.952:MainProcess:MainThread:data_chunks.py:306] Refine mapping ::: shift: 411.7901614962652 -> 411.7901614962652 scale: 115.31869330138625 -> 115.31869330138625
DEBUG [01:07:01.953:MainProcess:MainThread:data_chunks.py:306] Refine mapping ::: shift: 347.63287745162006 -> 347.63287745162006 scale: 106.48395886255412 -> 106.48395886255412
DEBUG [01:07:01.955:MainProcess:MainThread:data_chunks.py:306] Refine mapping ::: shift: 407.0331069353447 -> 407.0331069353447 scale: 115.3543619547483 -> 115.3543619547483
DEBUG [01:07:01.956:MainProcess:MainThread:data_chunks.py:306] Refine mapping ::: shift: 388.26881614306967 -> 388.26881614306967 scale: 118.28972550406453 -> 118.28972550406453
DEBUG [01:07:01.957:MainProcess:MainThread:data_chunks.py:306] Refine mapping ::: shift: 388.43806294253636 -> 388.43806294253636 scale: 113.24234185051138 -> 113.24234185051138
DEBUG [01:07:01.959:MainProcess:MainThread:data_chunks.py:306] Refine mapping ::: shift: 436.16055665152453 -> 436.16055665152453 scale: 124.45035104337742 -> 124.45035104337742
DEBUG [01:07:01.960:MainProcess:MainThread:data_chunks.py:306] Refine mapping ::: shift: 454.5199348025094 -> 454.5199348025094 scale: 134.4709801051159 -> 134.4709801051159
DEBUG [01:07:01.962:MainProcess:MainThread:data_chunks.py:306] Refine mapping ::: shift: 465.54460268510365 -> 465.54460268510365 scale: 126.3114355096991 -> 126.3114355096991
DEBUG [01:07:01.963:MainProcess:MainThread:data_chunks.py:306] Refine mapping ::: shift: 399.1239481519292 -> 399.1239481519292 scale: 118.06271028540039 -> 118.06271028540039
DEBUG [01:07:01.965:MainProcess:MainThread:data_chunks.py:306] Refine mapping ::: shift: 496.37592662412635 -> 496.37592662412635 scale: 133.9359311408843 -> 133.9359311408843
DEBUG [01:07:01.966:MainProcess:MainThread:data_chunks.py:306] Refine mapping ::: shift: 402.27920130547705 -> 402.27920130547705 scale: 127.29150430599273 -> 127.29150430599273
DEBUG [01:07:01.967:MainProcess:MainThread:data_chunks.py:306] Refine mapping ::: shift: 389.170064055985 -> 389.170064055985 scale: 103.9363513168945 -> 103.9363513168945
DEBUG [01:07:01.968:MainProcess:MainThread:data_chunks.py:306] Refine mapping ::: shift: 463.4574582720993 -> 463.4574582720993 scale: 136.7160271106733 -> 136.7160271106733
DEBUG [01:07:01.970:MainProcess:MainThread:data_chunks.py:306] Refine mapping ::: shift: 513.2954083221193 -> 513.2954083221193 scale: 143.2170839894855 -> 143.2170839894855
DEBUG [01:07:01.971:MainProcess:MainThread:data_chunks.py:306] Refine mapping ::: shift: 393.07222803998457 -> 393.07222803998457 scale: 117.86515487592148 -> 117.86515487592148
DEBUG [01:07:01.973:MainProcess:MainThread:data_chunks.py:306] Refine mapping ::: shift: 401.8359682725095 -> 401.8359682725095 scale: 115.2485755853748 -> 115.2485755853748
DEBUG [01:07:01.974:MainProcess:MainThread:data_chunks.py:306] Refine mapping ::: shift: 373.89009160738806 -> 373.89009160738806 scale: 100.5822430461702 -> 100.5822430461702
DEBUG [01:07:01.975:MainProcess:MainThread:data_chunks.py:306] Refine mapping ::: shift: 379.5547765864155 -> 379.5547765864155 scale: 110.3589072933486 -> 110.3589072933486
DEBUG [01:07:01.976:MainProcess:MainThread:data_chunks.py:306] Refine mapping ::: shift: 497.287031674884 -> 497.287031674884 scale: 145.47234286287016 -> 145.47234286287016
DEBUG [01:07:01.978:MainProcess:MainThread:data_chunks.py:306] Refine mapping ::: shift: 364.0785762531741 -> 364.0785762531741 scale: 116.03034020991379 -> 116.03034020991379
DEBUG [01:07:01.979:MainProcess:MainThread:data_chunks.py:306] Refine mapping ::: shift: 434.605624393801 -> 434.605624393801 scale: 113.34961421756704 -> 113.34961421756704
DEBUG [01:07:01.980:MainProcess:MainThread:data_chunks.py:306] Refine mapping ::: shift: 386.3611734838212 -> 386.3611734838212 scale: 121.92475640916233 -> 121.92475640916233
DEBUG [01:07:01.982:MainProcess:MainThread:data_chunks.py:306] Refine mapping ::: shift: 510.42706228272573 -> 510.42706228272573 scale: 134.16043683721574 -> 134.16043683721574
DEBUG [01:07:01.983:MainProcess:MainThread:data_chunks.py:306] Refine mapping ::: shift: 418.9946454147416 -> 418.9946454147416 scale: 130.39717927759355 -> 130.39717927759355
DEBUG [01:07:01.984:MainProcess:MainThread:data_chunks.py:306] Refine mapping ::: shift: 419.68297734889507 -> 419.68297734889507 scale: 119.56581313397041 -> 119.56581313397041
DEBUG [01:07:01.986:MainProcess:MainThread:data_chunks.py:306] Refine mapping ::: shift: 424.71512165582044 -> 424.71512165582044 scale: 128.90423766181613 -> 128.90423766181613
DEBUG [01:07:01.987:MainProcess:MainThread:data_chunks.py:306] Refine mapping ::: shift: 512.1220370338067 -> 512.1220370338067 scale: 137.9244415021469 -> 137.9244415021469
DEBUG [01:07:01.988:MainProcess:MainThread:data_chunks.py:306] Refine mapping ::: shift: 445.90447241437505 -> 445.90447241437505 scale: 133.5070187683523 -> 133.5070187683523
DEBUG [01:07:01.990:MainProcess:MainThread:data_chunks.py:306] Refine mapping ::: shift: 464.1157168405648 -> 464.1157168405648 scale: 133.9932566262302 -> 133.9932566262302
DEBUG [01:07:01.991:MainProcess:MainThread:data_chunks.py:306] Refine mapping ::: shift: 414.5205237826556 -> 414.5205237826556 scale: 129.60387592381468 -> 129.60387592381468
DEBUG [01:07:01.992:MainProcess:MainThread:data_chunks.py:306] Refine mapping ::: shift: 419.0645575035155 -> 419.0645575035155 scale: 120.25469001019768 -> 120.25469001019768
DEBUG [01:07:06.761:MainProcess:MainThread:data_chunks.py:306] Refine mapping ::: shift: 400.3697650685899 -> 400.3697650685899 scale: 118.16429110347715 -> 118.16429110347715
DEBUG [01:07:06.763:MainProcess:MainThread:data_chunks.py:306] Refine mapping ::: shift: 469.0783452360406 -> 469.0783452360406 scale: 137.84747715862622 -> 137.84747715862622
DEBUG [01:07:06.765:MainProcess:MainThread:data_chunks.py:306] Refine mapping ::: shift: 395.2173102101556 -> 395.2173102101556 scale: 117.08463777247115 -> 117.08463777247115
DEBUG [01:07:06.766:MainProcess:MainThread:data_chunks.py:306] Refine mapping ::: shift: 472.62539813694775 -> 472.62539813694775 scale: 133.31670048936596 -> 133.31670048936596
DEBUG [01:07:06.768:MainProcess:MainThread:data_chunks.py:306] Refine mapping ::: shift: 385.2370263451344 -> 385.2370263451344 scale: 122.62778488622023 -> 122.62778488622023
DEBUG [01:07:06.769:MainProcess:MainThread:data_chunks.py:306] Refine mapping ::: shift: 447.72896967740826 -> 447.72896967740826 scale: 125.77215374961138 -> 125.77215374961138
DEBUG [01:07:06.771:MainProcess:MainThread:data_chunks.py:306] Refine mapping ::: shift: 380.6586210951691 -> 380.6586210951691 scale: 121.53106278698482 -> 121.53106278698482
DEBUG [01:07:06.773:MainProcess:MainThread:data_chunks.py:306] Refine mapping ::: shift: 484.9407280957962 -> 484.9407280957962 scale: 137.01031164707064 -> 137.01031164707064
DEBUG [01:07:06.774:MainProcess:MainThread:data_chunks.py:306] Refine mapping ::: shift: 450.92087097073704 -> 450.92087097073704 scale: 128.611828456047 -> 128.611828456047
DEBUG [01:07:06.775:MainProcess:MainThread:data_chunks.py:306] Refine mapping ::: shift: 405.45907866880543 -> 405.45907866880543 scale: 120.89173567459575 -> 120.89173567459575
DEBUG [01:07:06.777:MainProcess:MainThread:data_chunks.py:306] Refine mapping ::: shift: 364.1307389700828 -> 364.1307389700828 scale: 113.49906164768785 -> 113.49906164768785
DEBUG [01:07:06.778:MainProcess:MainThread:data_chunks.py:306] Refine mapping ::: shift: 382.4852511712029 -> 382.4852511712029 scale: 119.10745961363473 -> 119.10745961363473
DEBUG [01:07:06.780:MainProcess:MainThread:data_chunks.py:306] Refine mapping ::: shift: 384.3391408044781 -> 384.3391408044781 scale: 121.04962313241995 -> 121.04962313241995
DEBUG [01:07:06.781:MainProcess:MainThread:data_chunks.py:306] Refine mapping ::: shift: 343.23195689834256 -> 343.23195689834256 scale: 111.3140746890529 -> 111.3140746890529
DEBUG [01:07:06.782:MainProcess:MainThread:data_chunks.py:306] Refine mapping ::: shift: 407.08326570069767 -> 407.08326570069767 scale: 126.76549052113786 -> 126.76549052113786
DEBUG [01:07:06.784:MainProcess:MainThread:data_chunks.py:306] Refine mapping ::: shift: 357.1702922471459 -> 357.1702922471459 scale: 113.63631846856758 -> 113.63631846856758
DEBUG [01:07:06.785:MainProcess:MainThread:data_chunks.py:306] Refine mapping ::: shift: 343.04221245181907 -> 343.04221245181907 scale: 106.28161319768245 -> 106.28161319768245
DEBUG [01:07:06.787:MainProcess:MainThread:data_chunks.py:306] Refine mapping ::: shift: 347.34656772837343 -> 347.34656772837343 scale: 114.03267445491304 -> 114.03267445491304
DEBUG [01:07:06.788:MainProcess:MainThread:data_chunks.py:306] Refine mapping ::: shift: 377.5674279028931 -> 377.5674279028931 scale: 109.21441890114788 -> 109.21441890114788
DEBUG [01:07:06.789:MainProcess:MainThread:data_chunks.py:306] Refine mapping ::: shift: 393.6383416795909 -> 393.6383416795909 scale: 135.4634317480195 -> 135.4634317480195
DEBUG [01:07:06.791:MainProcess:MainThread:data_chunks.py:306] Refine mapping ::: shift: 455.5881006037007 -> 455.5881006037007 scale: 149.99668599953216 -> 149.99668599953216
DEBUG [01:07:06.792:MainProcess:MainThread:data_chunks.py:306] Refine mapping ::: shift: 386.16509452012997 -> 386.16509452012997 scale: 119.68443607558916 -> 119.68443607558916
DEBUG [01:07:06.794:MainProcess:MainThread:data_chunks.py:306] Refine mapping ::: shift: 375.9989919910779 -> 375.9989919910779 scale: 116.95051066108101 -> 116.95051066108101
DEBUG [01:07:06.795:MainProcess:MainThread:data_chunks.py:306] Refine mapping ::: shift: 437.4793457186663 -> 437.4793457186663 scale: 130.80776208680868 -> 130.80776208680868
DEBUG [01:07:06.796:MainProcess:MainThread:data_chunks.py:306] Refine mapping ::: shift: 504.8055150231662 -> 504.8055150231662 scale: 135.07316602045498 -> 135.07316602045498
DEBUG [01:07:06.798:MainProcess:MainThread:data_chunks.py:306] Refine mapping ::: shift: 363.60559839834104 -> 363.60559839834104 scale: 122.49759701729225 -> 122.49759701729225
DEBUG [01:07:06.799:MainProcess:MainThread:data_chunks.py:306] Refine mapping ::: shift: 507.15939153510794 -> 507.15939153510794 scale: 133.82963972954997 -> 133.82963972954997
DEBUG [01:07:06.800:MainProcess:MainThread:data_chunks.py:306] Refine mapping ::: shift: 389.54659273087873 -> 389.54659273087873 scale: 129.79534126996728 -> 129.79534126996728
DEBUG [01:07:06.802:MainProcess:MainThread:data_chunks.py:306] Refine mapping ::: shift: 477.86535692001144 -> 477.86535692001144 scale: 132.9821395576751 -> 132.9821395576751
DEBUG [01:07:06.803:MainProcess:MainThread:data_chunks.py:306] Refine mapping ::: shift: 370.76773001743004 -> 370.76773001743004 scale: 122.03667129795573 -> 122.03667129795573
DEBUG [01:07:06.804:MainProcess:MainThread:data_chunks.py:306] Refine mapping ::: shift: 426.7172814986525 -> 426.7172814986525 scale: 132.34308379938358 -> 132.34308379938358
DEBUG [01:07:06.806:MainProcess:MainThread:data_chunks.py:306] Refine mapping ::: shift: 360.8467578239438 -> 360.8467578239438 scale: 108.94112215304277 -> 108.94112215304277
DEBUG [01:07:06.807:MainProcess:MainThread:data_chunks.py:306] Refine mapping ::: shift: 395.3035048113775 -> 395.3035048113775 scale: 110.97061621202988 -> 110.97061621202988
DEBUG [01:07:06.808:MainProcess:MainThread:data_chunks.py:306] Refine mapping ::: shift: 396.16543694098596 -> 396.16543694098596 scale: 122.86830295993246 -> 122.86830295993246
DEBUG [01:07:06.810:MainProcess:MainThread:data_chunks.py:306] Refine mapping ::: shift: 416.096349230191 -> 416.096349230191 scale: 123.59945334916151 -> 123.59945334916151
DEBUG [01:07:06.811:MainProcess:MainThread:data_chunks.py:306] Refine mapping ::: shift: 365.70000647980396 -> 365.70000647980396 scale: 115.3749895077188 -> 115.3749895077188
DEBUG [01:07:06.812:MainProcess:MainThread:data_chunks.py:306] Refine mapping ::: shift: 415.6295378603386 -> 415.6295378603386 scale: 132.1615723287067 -> 132.1615723287067
DEBUG [01:07:06.814:MainProcess:MainThread:data_chunks.py:306] Refine mapping ::: shift: 492.0989575426147 -> 492.0989575426147 scale: 137.47103005780613 -> 137.47103005780613
DEBUG [01:07:06.815:MainProcess:MainThread:data_chunks.py:306] Refine mapping ::: shift: 334.23215872439687 -> 334.23215872439687 scale: 112.47872736167754 -> 112.47872736167754
DEBUG [01:07:06.817:MainProcess:MainThread:data_chunks.py:306] Refine mapping ::: shift: 377.67470872986905 -> 377.67470872986905 scale: 126.27202573162911 -> 126.27202573162911
DEBUG [01:07:06.818:MainProcess:MainThread:data_chunks.py:306] Refine mapping ::: shift: 467.1349562497044 -> 467.1349562497044 scale: 139.2974897569664 -> 139.2974897569664
DEBUG [01:07:06.820:MainProcess:MainThread:data_chunks.py:306] Refine mapping ::: shift: 373.4327494710451 -> 373.4327494710451 scale: 118.54102278393357 -> 118.54102278393357
DEBUG [01:07:06.821:MainProcess:MainThread:data_chunks.py:306] Refine mapping ::: shift: 388.3235123623531 -> 388.3235123623531 scale: 126.3584505705063 -> 126.3584505705063
DEBUG [01:07:06.822:MainProcess:MainThread:data_chunks.py:306] Refine mapping ::: shift: 399.33049575225687 -> 399.33049575225687 scale: 130.1291566520466 -> 130.1291566520466
DEBUG [01:07:06.824:MainProcess:MainThread:data_chunks.py:306] Refine mapping ::: shift: 359.98541739522534 -> 359.98541739522534 scale: 109.34891012160915 -> 109.34891012160915
DEBUG [01:07:06.825:MainProcess:MainThread:data_chunks.py:306] Refine mapping ::: shift: 372.60898560698615 -> 372.60898560698615 scale: 114.40358569489183 -> 114.40358569489183
DEBUG [01:07:06.827:MainProcess:MainThread:data_chunks.py:306] Refine mapping ::: shift: 373.90507994456675 -> 373.90507994456675 scale: 122.10792813704 -> 122.10792813704
DEBUG [01:07:06.828:MainProcess:MainThread:data_chunks.py:306] Refine mapping ::: shift: 403.39523004498415 -> 403.39523004498415 scale: 122.58957258152377 -> 122.58957258152377
DEBUG [01:07:06.829:MainProcess:MainThread:data_chunks.py:306] Refine mapping ::: shift: 353.5717192630491 -> 353.5717192630491 scale: 112.29036263412064 -> 112.29036263412064
DEBUG [01:07:06.831:MainProcess:MainThread:data_chunks.py:306] Refine mapping ::: shift: 395.8326245339358 -> 395.8326245339358 scale: 131.51782984637177 -> 131.51782984637177
DEBUG [01:07:13.577:MainProcess:MainThread:data_chunks.py:306] Refine mapping ::: shift: 421.337583921003 -> 421.337583921003 scale: 126.97207606476316 -> 126.97207606476316
DEBUG [01:07:13.578:MainProcess:MainThread:data_chunks.py:306] Refine mapping ::: shift: 379.84743191561574 -> 379.84743191561574 scale: 117.66784055843696 -> 117.66784055843696
DEBUG [01:07:13.580:MainProcess:MainThread:data_chunks.py:306] Refine mapping ::: shift: 384.78773474347395 -> 384.78773474347395 scale: 109.31219528458371 -> 109.31219528458371
DEBUG [01:07:13.581:MainProcess:MainThread:data_chunks.py:306] Refine mapping ::: shift: 458.50806834704645 -> 458.50806834704645 scale: 142.485317773426 -> 142.485317773426
DEBUG [01:07:13.583:MainProcess:MainThread:data_chunks.py:306] Refine mapping ::: shift: 365.4743359880663 -> 365.4743359880663 scale: 114.69647843837282 -> 114.69647843837282
DEBUG [01:07:13.584:MainProcess:MainThread:data_chunks.py:306] Refine mapping ::: shift: 418.2497804840648 -> 418.2497804840648 scale: 125.28592251448349 -> 125.28592251448349
DEBUG [01:07:13.586:MainProcess:MainThread:data_chunks.py:306] Refine mapping ::: shift: 372.37569498291487 -> 372.37569498291487 scale: 125.02876993079732 -> 125.02876993079732
DEBUG [01:07:13.587:MainProcess:MainThread:data_chunks.py:306] Refine mapping ::: shift: 483.9448665545924 -> 483.9448665545924 scale: 131.23758969441397 -> 131.23758969441397
DEBUG [01:07:13.589:MainProcess:MainThread:data_chunks.py:306] Refine mapping ::: shift: 474.0296363258385 -> 474.0296363258385 scale: 134.59588909542487 -> 134.59588909542487
DEBUG [01:07:13.590:MainProcess:MainThread:data_chunks.py:306] Refine mapping ::: shift: 468.4814865275371 -> 468.4814865275371 scale: 132.5057925538226 -> 132.5057925538226
DEBUG [01:07:13.591:MainProcess:MainThread:data_chunks.py:306] Refine mapping ::: shift: 418.4067426385468 -> 418.4067426385468 scale: 127.73609792122733 -> 127.73609792122733
DEBUG [01:07:13.593:MainProcess:MainThread:data_chunks.py:306] Refine mapping ::: shift: 400.51884735826116 -> 400.51884735826116 scale: 113.397270077461 -> 113.397270077461
DEBUG [01:07:13.594:MainProcess:MainThread:data_chunks.py:306] Refine mapping ::: shift: 457.246145948468 -> 457.246145948468 scale: 125.65413231535365 -> 125.65413231535365
DEBUG [01:07:13.595:MainProcess:MainThread:data_chunks.py:306] Refine mapping ::: shift: 426.9817161877554 -> 426.9817161877554 scale: 126.39809348625921 -> 126.39809348625921
DEBUG [01:07:13.597:MainProcess:MainThread:data_chunks.py:306] Refine mapping ::: shift: 466.60748896109317 -> 466.60748896109317 scale: 135.64900785246215 -> 135.64900785246215
DEBUG [01:07:13.598:MainProcess:MainThread:data_chunks.py:306] Refine mapping ::: shift: 383.90924773826123 -> 383.90924773826123 scale: 129.81721135165355 -> 129.81721135165355
DEBUG [01:07:13.600:MainProcess:MainThread:data_chunks.py:306] Refine mapping ::: shift: 461.79370704277653 -> 461.79370704277653 scale: 132.6003466907728 -> 132.6003466907728
DEBUG [01:07:13.602:MainProcess:MainThread:data_chunks.py:306] Refine mapping ::: shift: 354.55492212297304 -> 354.55492212297304 scale: 109.14374996108434 -> 109.14374996108434
DEBUG [01:07:13.603:MainProcess:MainThread:data_chunks.py:306] Refine mapping ::: shift: 505.5622625932492 -> 505.5622625932492 scale: 148.69278228300047 -> 148.69278228300047
DEBUG [01:07:13.604:MainProcess:MainThread:data_chunks.py:306] Refine mapping ::: shift: 480.2852193742983 -> 480.2852193742983 scale: 131.65580529133518 -> 131.65580529133518
DEBUG [01:07:13.606:MainProcess:MainThread:data_chunks.py:306] Refine mapping ::: shift: 411.20920423931034 -> 411.20920423931034 scale: 128.50364855522318 -> 128.50364855522318
DEBUG [01:07:13.607:MainProcess:MainThread:data_chunks.py:306] Refine mapping ::: shift: 412.7928560665696 -> 412.7928560665696 scale: 123.02480673764857 -> 123.02480673764857
DEBUG [01:07:13.608:MainProcess:MainThread:data_chunks.py:306] Refine mapping ::: shift: 443.6621330050825 -> 443.6621330050825 scale: 139.49896482839247 -> 139.49896482839247
DEBUG [01:07:13.610:MainProcess:MainThread:data_chunks.py:306] Refine mapping ::: shift: 401.17322521742517 -> 401.17322521742517 scale: 114.7932133257204 -> 114.7932133257204
DEBUG [01:07:13.611:MainProcess:MainThread:data_chunks.py:306] Refine mapping ::: shift: 394.626804071087 -> 394.626804071087 scale: 125.2391209471893 -> 125.2391209471893
DEBUG [01:07:13.612:MainProcess:MainThread:data_chunks.py:306] Refine mapping ::: shift: 341.6401319715005 -> 341.6401319715005 scale: 110.41299985319824 -> 110.41299985319824
DEBUG [01:07:13.614:MainProcess:MainThread:data_chunks.py:306] Refine mapping ::: shift: 402.35263780710807 -> 402.35263780710807 scale: 113.22441682251761 -> 113.22441682251761
DEBUG [01:07:13.615:MainProcess:MainThread:data_chunks.py:306] Refine mapping ::: shift: 363.0241514549057 -> 363.0241514549057 scale: 122.85889396516595 -> 122.85889396516595
DEBUG [01:07:13.616:MainProcess:MainThread:data_chunks.py:306] Refine mapping ::: shift: 511.86010256806185 -> 511.86010256806185 scale: 147.20449728971843 -> 147.20449728971843
DEBUG [01:07:13.618:MainProcess:MainThread:data_chunks.py:306] Refine mapping ::: shift: 356.8928909308215 -> 356.8928909308215 scale: 119.02372981788875 -> 119.02372981788875
DEBUG [01:07:13.619:MainProcess:MainThread:data_chunks.py:306] Refine mapping ::: shift: 401.70477544445066 -> 401.70477544445066 scale: 118.74087256863184 -> 118.74087256863184
DEBUG [01:07:13.620:MainProcess:MainThread:data_chunks.py:306] Refine mapping ::: shift: 423.446949872231 -> 423.446949872231 scale: 122.60724200930859 -> 122.60724200930859
DEBUG [01:07:13.622:MainProcess:MainThread:data_chunks.py:306] Refine mapping ::: shift: 390.39194152382106 -> 390.39194152382106 scale: 127.69093054118989 -> 127.69093054118989
DEBUG [01:07:13.623:MainProcess:MainThread:data_chunks.py:306] Refine mapping ::: shift: 447.1548742256657 -> 447.1548742256657 scale: 147.93878266166004 -> 147.93878266166004
DEBUG [01:07:13.624:MainProcess:MainThread:data_chunks.py:306] Refine mapping ::: shift: 383.98163108165863 -> 383.98163108165863 scale: 115.28512565288595 -> 115.28512565288595
DEBUG [01:07:13.626:MainProcess:MainThread:data_chunks.py:306] Refine mapping ::: shift: 472.04167929108417 -> 472.04167929108417 scale: 144.14476546082136 -> 144.14476546082136
DEBUG [01:07:13.627:MainProcess:MainThread:data_chunks.py:306] Refine mapping ::: shift: 362.099787298072 -> 362.099787298072 scale: 111.53858166985701 -> 111.53858166985701
DEBUG [01:07:13.629:MainProcess:MainThread:data_chunks.py:306] Refine mapping ::: shift: 384.1128845173548 -> 384.1128845173548 scale: 111.71293382691238 -> 111.71293382691238
DEBUG [01:07:13.630:MainProcess:MainThread:data_chunks.py:306] Refine mapping ::: shift: 411.19522913953324 -> 411.19522913953324 scale: 119.84275217812528 -> 119.84275217812528
DEBUG [01:07:13.632:MainProcess:MainThread:data_chunks.py:306] Refine mapping ::: shift: 392.2403527841175 -> 392.2403527841175 scale: 124.54018137951118 -> 124.54018137951118
DEBUG [01:07:13.633:MainProcess:MainThread:data_chunks.py:306] Refine mapping ::: shift: 419.3111060094793 -> 419.3111060094793 scale: 128.8359443681711 -> 128.8359443681711
DEBUG [01:07:13.634:MainProcess:MainThread:data_chunks.py:306] Refine mapping ::: shift: 493.7239380995743 -> 493.7239380995743 scale: 140.29616793172232 -> 140.29616793172232
DEBUG [01:07:13.636:MainProcess:MainThread:data_chunks.py:306] Refine mapping ::: shift: 462.4014353143509 -> 462.4014353143509 scale: 138.09129449546688 -> 138.09129449546688
DEBUG [01:07:13.637:MainProcess:MainThread:data_chunks.py:306] Refine mapping ::: shift: 451.8116130173489 -> 451.8116130173489 scale: 138.24340571103005 -> 138.24340571103005
DEBUG [01:07:13.638:MainProcess:MainThread:data_chunks.py:306] Refine mapping ::: shift: 535.3230344424132 -> 535.3230344424132 scale: 136.65992270018472 -> 136.65992270018472
DEBUG [01:07:13.639:MainProcess:MainThread:data_chunks.py:306] Refine mapping ::: shift: 448.2446832887176 -> 448.2446832887176 scale: 118.47718387854965 -> 118.47718387854965
DEBUG [01:07:13.641:MainProcess:MainThread:data_chunks.py:306] Refine mapping ::: shift: 441.38690518690896 -> 441.38690518690896 scale: 142.72751272164498 -> 142.72751272164498
DEBUG [01:07:13.642:MainProcess:MainThread:data_chunks.py:306] Refine mapping ::: shift: 479.58641543428985 -> 479.58641543428985 scale: 131.3940937781926 -> 131.3940937781926
DEBUG [01:07:13.643:MainProcess:MainThread:data_chunks.py:306] Refine mapping ::: shift: 439.3293687785308 -> 439.3293687785308 scale: 134.75536066886167 -> 134.75536066886167
DEBUG [01:07:13.645:MainProcess:MainThread:data_chunks.py:306] Refine mapping ::: shift: 366.2134088799828 -> 366.2134088799828 scale: 104.63614752997853 -> 104.63614752997853
DEBUG [01:07:19.889:MainProcess:MainThread:data_chunks.py:306] Refine mapping ::: shift: 386.190770156054 -> 386.190770156054 scale: 128.10315492011708 -> 128.10315492011708
DEBUG [01:07:19.891:MainProcess:MainThread:data_chunks.py:306] Refine mapping ::: shift: 351.2242763864724 -> 351.2242763864724 scale: 109.30853956145599 -> 109.30853956145599
DEBUG [01:07:19.892:MainProcess:MainThread:data_chunks.py:306] Refine mapping ::: shift: 340.45601261239426 -> 340.45601261239426 scale: 120.46916938307977 -> 120.46916938307977
DEBUG [01:07:19.894:MainProcess:MainThread:data_chunks.py:306] Refine mapping ::: shift: 394.99298074581316 -> 394.99298074581316 scale: 122.40424304058081 -> 122.40424304058081
DEBUG [01:07:19.895:MainProcess:MainThread:data_chunks.py:306] Refine mapping ::: shift: 360.5498265564529 -> 360.5498265564529 scale: 115.63428548494575 -> 115.63428548494575
DEBUG [01:07:19.897:MainProcess:MainThread:data_chunks.py:306] Refine mapping ::: shift: 535.0417633000516 -> 535.0417633000516 scale: 159.10760589656192 -> 159.10760589656192
DEBUG [01:07:19.898:MainProcess:MainThread:data_chunks.py:306] Refine mapping ::: shift: 498.85740755840015 -> 498.85740755840015 scale: 139.55634590387885 -> 139.55634590387885
DEBUG [01:07:19.899:MainProcess:MainThread:data_chunks.py:306] Refine mapping ::: shift: 405.5185036938474 -> 405.5185036938474 scale: 122.69156542812114 -> 122.69156542812114
DEBUG [01:07:19.901:MainProcess:MainThread:data_chunks.py:306] Refine mapping ::: shift: 389.56079305675394 -> 389.56079305675394 scale: 107.29331210627922 -> 107.29331210627922
DEBUG [01:07:19.902:MainProcess:MainThread:data_chunks.py:306] Refine mapping ::: shift: 476.45452021708616 -> 476.45452021708616 scale: 146.01829585457477 -> 146.01829585457477
DEBUG [01:07:19.903:MainProcess:MainThread:data_chunks.py:306] Refine mapping ::: shift: 398.70376501869646 -> 398.70376501869646 scale: 115.41069405562206 -> 115.41069405562206
DEBUG [01:07:19.905:MainProcess:MainThread:data_chunks.py:306] Refine mapping ::: shift: 359.8480493558286 -> 359.8480493558286 scale: 120.23930636521784 -> 120.23930636521784
DEBUG [01:07:19.906:MainProcess:MainThread:data_chunks.py:306] Refine mapping ::: shift: 504.0578322969109 -> 504.0578322969109 scale: 133.64188394196924 -> 133.64188394196924
DEBUG [01:07:19.907:MainProcess:MainThread:data_chunks.py:306] Refine mapping ::: shift: 425.81857495015356 -> 425.81857495015356 scale: 124.04606965551719 -> 124.04606965551719
DEBUG [01:07:19.909:MainProcess:MainThread:data_chunks.py:306] Refine mapping ::: shift: 480.11424302302794 -> 480.11424302302794 scale: 141.1328234034978 -> 141.1328234034978
DEBUG [01:07:19.910:MainProcess:MainThread:data_chunks.py:306] Refine mapping ::: shift: 461.8564575583209 -> 461.8564575583209 scale: 132.19481358130838 -> 132.19481358130838
DEBUG [01:07:19.912:MainProcess:MainThread:data_chunks.py:306] Refine mapping ::: shift: 478.6977280687256 -> 478.6977280687256 scale: 134.07880803087798 -> 134.07880803087798
DEBUG [01:07:19.913:MainProcess:MainThread:data_chunks.py:306] Refine mapping ::: shift: 385.49035904360835 -> 385.49035904360835 scale: 119.75474558725318 -> 119.75474558725318
DEBUG [01:07:19.915:MainProcess:MainThread:data_chunks.py:306] Refine mapping ::: shift: 386.6580181755867 -> 386.6580181755867 scale: 115.47439885692442 -> 115.47439885692442
DEBUG [01:07:19.916:MainProcess:MainThread:data_chunks.py:306] Refine mapping ::: shift: 468.1358860944258 -> 468.1358860944258 scale: 134.12317015109718 -> 134.12317015109718
DEBUG [01:07:19.917:MainProcess:MainThread:data_chunks.py:306] Refine mapping ::: shift: 366.4118584988669 -> 366.4118584988669 scale: 107.26836986574955 -> 107.26836986574955
DEBUG [01:07:19.919:MainProcess:MainThread:data_chunks.py:306] Refine mapping ::: shift: 376.6252492883159 -> 376.6252492883159 scale: 114.84104526275338 -> 114.84104526275338
DEBUG [01:07:19.920:MainProcess:MainThread:data_chunks.py:306] Refine mapping ::: shift: 376.4265281171797 -> 376.4265281171797 scale: 116.6997974673473 -> 116.6997974673473
DEBUG [01:07:19.922:MainProcess:MainThread:data_chunks.py:306] Refine mapping ::: shift: 481.87391758065746 -> 481.87391758065746 scale: 138.70079042064495 -> 138.70079042064495
DEBUG [01:07:19.923:MainProcess:MainThread:data_chunks.py:306] Refine mapping ::: shift: 402.95206592342083 -> 402.95206592342083 scale: 114.81915420450768 -> 114.81915420450768
DEBUG [01:07:19.924:MainProcess:MainThread:data_chunks.py:306] Refine mapping ::: shift: 358.20566002845726 -> 358.20566002845726 scale: 111.34130579178556 -> 111.34130579178556
DEBUG [01:07:19.926:MainProcess:MainThread:data_chunks.py:306] Refine mapping ::: shift: 474.18620885767314 -> 474.18620885767314 scale: 138.6947083778497 -> 138.6947083778497
DEBUG [01:07:19.927:MainProcess:MainThread:data_chunks.py:306] Refine mapping ::: shift: 382.43377048411867 -> 382.43377048411867 scale: 121.34655011126358 -> 121.34655011126358
DEBUG [01:07:19.929:MainProcess:MainThread:data_chunks.py:306] Refine mapping ::: shift: 496.0412901274349 -> 496.0412901274349 scale: 143.3944080494164 -> 143.3944080494164
DEBUG [01:07:19.930:MainProcess:MainThread:data_chunks.py:306] Refine mapping ::: shift: 403.4674890207925 -> 403.4674890207925 scale: 117.18110512718724 -> 117.18110512718724
DEBUG [01:07:19.931:MainProcess:MainThread:data_chunks.py:306] Refine mapping ::: shift: 344.06862449478876 -> 344.06862449478876 scale: 117.24485101594372 -> 117.24485101594372
DEBUG [01:07:19.933:MainProcess:MainThread:data_chunks.py:306] Refine mapping ::: shift: 483.11419314565956 -> 483.11419314565956 scale: 142.89930857538545 -> 142.89930857538545
DEBUG [01:07:19.934:MainProcess:MainThread:data_chunks.py:306] Refine mapping ::: shift: 378.09651144130044 -> 378.09651144130044 scale: 118.84463298977406 -> 118.84463298977406
DEBUG [01:07:19.935:MainProcess:MainThread:data_chunks.py:306] Refine mapping ::: shift: 491.5874280824314 -> 491.5874280824314 scale: 149.6846072244534 -> 149.6846072244534
DEBUG [01:07:19.937:MainProcess:MainThread:data_chunks.py:306] Refine mapping ::: shift: 410.12615106269413 -> 410.12615106269413 scale: 123.88057578133328 -> 123.88057578133328
DEBUG [01:07:19.938:MainProcess:MainThread:data_chunks.py:306] Refine mapping ::: shift: 427.99814032393533 -> 427.99814032393533 scale: 131.97417907063112 -> 131.97417907063112
DEBUG [01:07:19.939:MainProcess:MainThread:data_chunks.py:306] Refine mapping ::: shift: 369.1487858099283 -> 369.1487858099283 scale: 135.34797344038765 -> 135.34797344038765
DEBUG [01:07:19.941:MainProcess:MainThread:data_chunks.py:306] Refine mapping ::: shift: 463.4677827684832 -> 463.4677827684832 scale: 138.41117799945178 -> 138.41117799945178
DEBUG [01:07:19.942:MainProcess:MainThread:data_chunks.py:306] Refine mapping ::: shift: 467.3135168354311 -> 467.3135168354311 scale: 129.5366311790699 -> 129.5366311790699
DEBUG [01:07:19.944:MainProcess:MainThread:data_chunks.py:306] Refine mapping ::: shift: 449.5225570250068 -> 449.5225570250068 scale: 134.57723012458 -> 134.57723012458
DEBUG [01:07:19.945:MainProcess:MainThread:data_chunks.py:306] Refine mapping ::: shift: 388.0353348197191 -> 388.0353348197191 scale: 118.64277049763975 -> 118.64277049763975
DEBUG [01:07:19.946:MainProcess:MainThread:data_chunks.py:306] Refine mapping ::: shift: 459.36509526850887 -> 459.36509526850887 scale: 131.02541771427516 -> 131.02541771427516
DEBUG [01:07:19.948:MainProcess:MainThread:data_chunks.py:306] Refine mapping ::: shift: 393.5562472982833 -> 393.5562472982833 scale: 127.19085948722116 -> 127.19085948722116
DEBUG [01:07:19.949:MainProcess:MainThread:data_chunks.py:306] Refine mapping ::: shift: 477.2046355990037 -> 477.2046355990037 scale: 146.30230862352903 -> 146.30230862352903
DEBUG [01:07:19.953:MainProcess:MainThread:data_chunks.py:306] Refine mapping ::: shift: 441.79616169232895 -> 441.79616169232895 scale: 121.05118615303759 -> 121.05118615303759
DEBUG [01:07:19.954:MainProcess:MainThread:data_chunks.py:306] Refine mapping ::: shift: 375.4429312711154 -> 375.4429312711154 scale: 124.26926867781388 -> 124.26926867781388
DEBUG [01:07:19.955:MainProcess:MainThread:data_chunks.py:306] Refine mapping ::: shift: 381.9313858669816 -> 381.9313858669816 scale: 113.24124358482521 -> 113.24124358482521
DEBUG [01:07:19.957:MainProcess:MainThread:data_chunks.py:306] Refine mapping ::: shift: 390.11165226458 -> 390.11165226458 scale: 111.56509009863125 -> 111.56509009863125
DEBUG [01:07:19.958:MainProcess:MainThread:data_chunks.py:306] Refine mapping ::: shift: 424.4509184181634 -> 424.4509184181634 scale: 128.56905717077981 -> 128.56905717077981
DEBUG [01:07:19.959:MainProcess:MainThread:data_chunks.py:306] Refine mapping ::: shift: 367.7142031655062 -> 367.7142031655062 scale: 112.06649520686675 -> 112.06649520686675
DEBUG [01:07:27.000:MainProcess:MainThread:data_chunks.py:306] Refine mapping ::: shift: 390.62269787496643 -> 390.62269787496643 scale: 123.14214306869547 -> 123.14214306869547
DEBUG [01:07:27.001:MainProcess:MainThread:data_chunks.py:306] Refine mapping ::: shift: 431.4967836162241 -> 431.4967836162241 scale: 121.57813840045296 -> 121.57813840045296
DEBUG [01:07:27.003:MainProcess:MainThread:data_chunks.py:306] Refine mapping ::: shift: 340.76271035426225 -> 340.76271035426225 scale: 116.57404895869979 -> 116.57404895869979
DEBUG [01:07:27.004:MainProcess:MainThread:data_chunks.py:306] Refine mapping ::: shift: 361.7918621857327 -> 361.7918621857327 scale: 106.81441821894316 -> 106.81441821894316
DEBUG [01:07:27.005:MainProcess:MainThread:data_chunks.py:306] Refine mapping ::: shift: 457.46205370252255 -> 457.46205370252255 scale: 138.12498729909882 -> 138.12498729909882
DEBUG [01:07:27.007:MainProcess:MainThread:data_chunks.py:306] Refine mapping ::: shift: 465.65487670075595 -> 465.65487670075595 scale: 149.07092160081302 -> 149.07092160081302
DEBUG [01:07:27.008:MainProcess:MainThread:data_chunks.py:306] Refine mapping ::: shift: 317.0191224892242 -> 317.0191224892242 scale: 105.31524549546081 -> 105.31524549546081
DEBUG [01:07:27.010:MainProcess:MainThread:data_chunks.py:306] Refine mapping ::: shift: 404.9106451589564 -> 404.9106451589564 scale: 132.77857127667858 -> 132.77857127667858
DEBUG [01:07:27.011:MainProcess:MainThread:data_chunks.py:306] Refine mapping ::: shift: 376.24621127992214 -> 376.24621127992214 scale: 112.96275814372746 -> 112.96275814372746
DEBUG [01:07:27.012:MainProcess:MainThread:data_chunks.py:306] Refine mapping ::: shift: 463.29473239728213 -> 463.29473239728213 scale: 121.44891737432803 -> 121.44891737432803
DEBUG [01:07:27.014:MainProcess:MainThread:data_chunks.py:306] Refine mapping ::: shift: 494.1241422329822 -> 494.1241422329822 scale: 122.88661510058449 -> 122.88661510058449
DEBUG [01:07:27.015:MainProcess:MainThread:data_chunks.py:306] Refine mapping ::: shift: 374.6406263298302 -> 374.6406263298302 scale: 115.72901983662298 -> 115.72901983662298
DEBUG [01:07:27.017:MainProcess:MainThread:data_chunks.py:306] Refine mapping ::: shift: 352.80439687911485 -> 352.80439687911485 scale: 117.38671288207956 -> 117.38671288207956
DEBUG [01:07:27.018:MainProcess:MainThread:data_chunks.py:306] Refine mapping ::: shift: 442.5578501014179 -> 442.5578501014179 scale: 132.5308181003863 -> 132.5308181003863
DEBUG [01:07:27.020:MainProcess:MainThread:data_chunks.py:306] Refine mapping ::: shift: 403.0810024052589 -> 403.0810024052589 scale: 116.86887735297643 -> 116.86887735297643
DEBUG [01:07:27.021:MainProcess:MainThread:data_chunks.py:306] Refine mapping ::: shift: 416.806524477749 -> 416.806524477749 scale: 128.11295582375357 -> 128.11295582375357
DEBUG [01:07:27.022:MainProcess:MainThread:data_chunks.py:306] Refine mapping ::: shift: 445.4557592582687 -> 445.4557592582687 scale: 126.32067022638351 -> 126.32067022638351
DEBUG [01:07:27.024:MainProcess:MainThread:data_chunks.py:306] Refine mapping ::: shift: 485.9026381873837 -> 485.9026381873837 scale: 134.61591539643126 -> 134.61591539643126
DEBUG [01:07:27.025:MainProcess:MainThread:data_chunks.py:306] Refine mapping ::: shift: 401.87063176088895 -> 401.87063176088895 scale: 128.8527013384911 -> 128.8527013384911
DEBUG [01:07:27.027:MainProcess:MainThread:data_chunks.py:306] Refine mapping ::: shift: 423.48765350891586 -> 423.48765350891586 scale: 125.24629174370135 -> 125.24629174370135
DEBUG [01:07:27.028:MainProcess:MainThread:data_chunks.py:306] Refine mapping ::: shift: 347.4492209811415 -> 347.4492209811415 scale: 106.03049018255196 -> 106.03049018255196
DEBUG [01:07:27.030:MainProcess:MainThread:data_chunks.py:306] Refine mapping ::: shift: 467.3335461745819 -> 467.3335461745819 scale: 140.2710692790527 -> 140.2710692790527
DEBUG [01:07:27.031:MainProcess:MainThread:data_chunks.py:306] Refine mapping ::: shift: 376.00587037914056 -> 376.00587037914056 scale: 112.15188245026981 -> 112.15188245026981
DEBUG [01:07:27.032:MainProcess:MainThread:data_chunks.py:306] Refine mapping ::: shift: 396.86701308568536 -> 396.86701308568536 scale: 123.97594968272186 -> 123.97594968272186
DEBUG [01:07:27.034:MainProcess:MainThread:data_chunks.py:306] Refine mapping ::: shift: 471.4472707855057 -> 471.4472707855057 scale: 127.27036678819937 -> 127.27036678819937
DEBUG [01:07:27.035:MainProcess:MainThread:data_chunks.py:306] Refine mapping ::: shift: 422.6251352839531 -> 422.6251352839531 scale: 122.4427226086579 -> 122.4427226086579
DEBUG [01:07:27.036:MainProcess:MainThread:data_chunks.py:306] Refine mapping ::: shift: 451.12062953872874 -> 451.12062953872874 scale: 125.00603736346994 -> 125.00603736346994
DEBUG [01:07:27.038:MainProcess:MainThread:data_chunks.py:306] Refine mapping ::: shift: 450.6127759675601 -> 450.6127759675601 scale: 132.0608710814962 -> 132.0608710814962
DEBUG [01:07:27.039:MainProcess:MainThread:data_chunks.py:306] Refine mapping ::: shift: 388.07688474581937 -> 388.07688474581937 scale: 121.69813898581873 -> 121.69813898581873
DEBUG [01:07:27.042:MainProcess:MainThread:data_chunks.py:306] Refine mapping ::: shift: 397.7916533856942 -> 397.7916533856942 scale: 125.66204937495982 -> 125.66204937495982
DEBUG [01:07:27.043:MainProcess:MainThread:data_chunks.py:306] Refine mapping ::: shift: 381.2622126898691 -> 381.2622126898691 scale: 118.16813345634444 -> 118.16813345634444
DEBUG [01:07:27.045:MainProcess:MainThread:data_chunks.py:306] Refine mapping ::: shift: 389.1701030972886 -> 389.1701030972886 scale: 112.86856614206951 -> 112.86856614206951
DEBUG [01:07:27.046:MainProcess:MainThread:data_chunks.py:306] Refine mapping ::: shift: 463.9382257344828 -> 463.9382257344828 scale: 142.30346548499958 -> 142.30346548499958
DEBUG [01:07:27.047:MainProcess:MainThread:data_chunks.py:306] Refine mapping ::: shift: 438.7872432151253 -> 438.7872432151253 scale: 120.07421111419576 -> 120.07421111419576
DEBUG [01:07:27.049:MainProcess:MainThread:data_chunks.py:306] Refine mapping ::: shift: 416.0207411790261 -> 416.0207411790261 scale: 116.79311445814986 -> 116.79311445814986
DEBUG [01:07:27.050:MainProcess:MainThread:data_chunks.py:306] Refine mapping ::: shift: 454.73758488222893 -> 454.73758488222893 scale: 135.88094857513818 -> 135.88094857513818
DEBUG [01:07:27.051:MainProcess:MainThread:data_chunks.py:306] Refine mapping ::: shift: 490.71885976622025 -> 490.71885976622025 scale: 136.43181531591188 -> 136.43181531591188
DEBUG [01:07:27.053:MainProcess:MainThread:data_chunks.py:306] Refine mapping ::: shift: 492.7071843768872 -> 492.7071843768872 scale: 146.8291484259215 -> 146.8291484259215
DEBUG [01:07:27.054:MainProcess:MainThread:data_chunks.py:306] Refine mapping ::: shift: 415.5912016788925 -> 415.5912016788925 scale: 122.38596498705168 -> 122.38596498705168
DEBUG [01:07:27.055:MainProcess:MainThread:data_chunks.py:306] Refine mapping ::: shift: 371.7927345558737 -> 371.7927345558737 scale: 112.52516033516612 -> 112.52516033516612
DEBUG [01:07:27.057:MainProcess:MainThread:data_chunks.py:306] Refine mapping ::: shift: 403.3076438039152 -> 403.3076438039152 scale: 126.15077489740644 -> 126.15077489740644
DEBUG [01:07:27.058:MainProcess:MainThread:data_chunks.py:306] Refine mapping ::: shift: 436.3266833532498 -> 436.3266833532498 scale: 124.7512196702323 -> 124.7512196702323
DEBUG [01:07:27.060:MainProcess:MainThread:data_chunks.py:306] Refine mapping ::: shift: 361.79413524615757 -> 361.79413524615757 scale: 110.97957018314722 -> 110.97957018314722
DEBUG [01:07:27.061:MainProcess:MainThread:data_chunks.py:306] Refine mapping ::: shift: 395.9187038820603 -> 395.9187038820603 scale: 117.09895629493253 -> 117.09895629493253
DEBUG [01:07:27.062:MainProcess:MainThread:data_chunks.py:306] Refine mapping ::: shift: 381.16983640818444 -> 381.16983640818444 scale: 107.32535770935982 -> 107.32535770935982
DEBUG [01:07:27.064:MainProcess:MainThread:data_chunks.py:306] Refine mapping ::: shift: 387.8249855252577 -> 387.8249855252577 scale: 122.41621704582943 -> 122.41621704582943
DEBUG [01:07:27.065:MainProcess:MainThread:data_chunks.py:306] Refine mapping ::: shift: 377.6836395462301 -> 377.6836395462301 scale: 121.73093920074788 -> 121.73093920074788
DEBUG [01:07:27.066:MainProcess:MainThread:data_chunks.py:306] Refine mapping ::: shift: 394.4269911897941 -> 394.4269911897941 scale: 117.9681647103132 -> 117.9681647103132
DEBUG [01:07:27.068:MainProcess:MainThread:data_chunks.py:306] Refine mapping ::: shift: 348.2833655330428 -> 348.2833655330428 scale: 114.84332102479588 -> 114.84332102479588
DEBUG [01:07:27.069:MainProcess:MainThread:data_chunks.py:306] Refine mapping ::: shift: 409.89661478065 -> 409.89661478065 scale: 113.60057028804023 -> 113.60057028804023
DEBUG [01:07:32.826:MainProcess:MainThread:data_chunks.py:306] Refine mapping ::: shift: 384.8680539454349 -> 384.8680539454349 scale: 101.78949323840956 -> 101.78949323840956
DEBUG [01:07:32.828:MainProcess:MainThread:data_chunks.py:306] Refine mapping ::: shift: 364.1366941424849 -> 364.1366941424849 scale: 118.09488913356455 -> 118.09488913356455
DEBUG [01:07:32.830:MainProcess:MainThread:data_chunks.py:306] Refine mapping ::: shift: 372.1433593789552 -> 372.1433593789552 scale: 117.51448610349429 -> 117.51448610349429
DEBUG [01:07:32.831:MainProcess:MainThread:data_chunks.py:306] Refine mapping ::: shift: 437.11283817050617 -> 437.11283817050617 scale: 128.4481896565616 -> 128.4481896565616
DEBUG [01:07:32.832:MainProcess:MainThread:data_chunks.py:306] Refine mapping ::: shift: 428.7983875289174 -> 428.7983875289174 scale: 131.3008007499996 -> 131.3008007499996
DEBUG [01:07:32.834:MainProcess:MainThread:data_chunks.py:306] Refine mapping ::: shift: 409.6319977443013 -> 409.6319977443013 scale: 117.68928868267089 -> 117.68928868267089
DEBUG [01:07:32.835:MainProcess:MainThread:data_chunks.py:306] Refine mapping ::: shift: 444.10647027461937 -> 444.10647027461937 scale: 133.1324112417286 -> 133.1324112417286
DEBUG [01:07:32.837:MainProcess:MainThread:data_chunks.py:306] Refine mapping ::: shift: 351.98740462894375 -> 351.98740462894375 scale: 116.29072814889062 -> 116.29072814889062
DEBUG [01:07:32.839:MainProcess:MainThread:data_chunks.py:306] Refine mapping ::: shift: 430.78362130216647 -> 430.78362130216647 scale: 138.61122895276736 -> 138.61122895276736
DEBUG [01:07:32.841:MainProcess:MainThread:data_chunks.py:306] Refine mapping ::: shift: 437.60734902008653 -> 437.60734902008653 scale: 131.58212777336317 -> 131.58212777336317
DEBUG [01:07:32.842:MainProcess:MainThread:data_chunks.py:306] Refine mapping ::: shift: 474.254819903163 -> 474.254819903163 scale: 125.57108020774132 -> 125.57108020774132
DEBUG [01:07:32.844:MainProcess:MainThread:data_chunks.py:306] Refine mapping ::: shift: 377.7845967180865 -> 377.7845967180865 scale: 123.56885199667776 -> 123.56885199667776
DEBUG [01:07:32.845:MainProcess:MainThread:data_chunks.py:306] Refine mapping ::: shift: 513.4227468179215 -> 513.4227468179215 scale: 138.06691741092882 -> 138.06691741092882
DEBUG [01:07:32.846:MainProcess:MainThread:data_chunks.py:306] Refine mapping ::: shift: 466.2681267184412 -> 466.2681267184412 scale: 142.61569375247674 -> 142.61569375247674
DEBUG [01:07:32.848:MainProcess:MainThread:data_chunks.py:306] Refine mapping ::: shift: 421.60015187234467 -> 421.60015187234467 scale: 133.96582970155566 -> 133.96582970155566
DEBUG [01:07:32.849:MainProcess:MainThread:data_chunks.py:306] Refine mapping ::: shift: 454.95885932556894 -> 454.95885932556894 scale: 136.27499779098977 -> 136.27499779098977
DEBUG [01:07:32.851:MainProcess:MainThread:data_chunks.py:306] Refine mapping ::: shift: 391.3855714654346 -> 391.3855714654346 scale: 121.38183509632024 -> 121.38183509632024
DEBUG [01:07:32.852:MainProcess:MainThread:data_chunks.py:306] Refine mapping ::: shift: 340.1515585568013 -> 340.1515585568013 scale: 112.73211381470595 -> 112.73211381470595
DEBUG [01:07:32.853:MainProcess:MainThread:data_chunks.py:306] Refine mapping ::: shift: 451.807922319339 -> 451.807922319339 scale: 137.34683998072163 -> 137.34683998072163
DEBUG [01:07:32.855:MainProcess:MainThread:data_chunks.py:306] Refine mapping ::: shift: 386.9247765206651 -> 386.9247765206651 scale: 116.05284063748319 -> 116.05284063748319
DEBUG [01:07:32.856:MainProcess:MainThread:data_chunks.py:306] Refine mapping ::: shift: 403.0650474377785 -> 403.0650474377785 scale: 109.24093033589041 -> 109.24093033589041
DEBUG [01:07:32.857:MainProcess:MainThread:data_chunks.py:306] Refine mapping ::: shift: 420.8735838639268 -> 420.8735838639268 scale: 125.25484419850564 -> 125.25484419850564
DEBUG [01:07:32.859:MainProcess:MainThread:data_chunks.py:306] Refine mapping ::: shift: 424.7780303012496 -> 424.7780303012496 scale: 123.71062592754394 -> 123.71062592754394
DEBUG [01:07:32.860:MainProcess:MainThread:data_chunks.py:306] Refine mapping ::: shift: 385.6591864780162 -> 385.6591864780162 scale: 111.9182708507384 -> 111.9182708507384
DEBUG [01:07:32.862:MainProcess:MainThread:data_chunks.py:306] Refine mapping ::: shift: 369.1911861972744 -> 369.1911861972744 scale: 103.2065826548815 -> 103.2065826548815
DEBUG [01:07:32.863:MainProcess:MainThread:data_chunks.py:306] Refine mapping ::: shift: 430.3676861647514 -> 430.3676861647514 scale: 123.1447264308498 -> 123.1447264308498
DEBUG [01:07:32.865:MainProcess:MainThread:data_chunks.py:306] Refine mapping ::: shift: 387.6704682488553 -> 387.6704682488553 scale: 118.71225002067878 -> 118.71225002067878
DEBUG [01:07:32.866:MainProcess:MainThread:data_chunks.py:306] Refine mapping ::: shift: 496.1612944057547 -> 496.1612944057547 scale: 129.12189538242674 -> 129.12189538242674
DEBUG [01:07:32.868:MainProcess:MainThread:data_chunks.py:306] Refine mapping ::: shift: 355.460216988979 -> 355.460216988979 scale: 121.44578503051895 -> 121.44578503051895
DEBUG [01:07:32.869:MainProcess:MainThread:data_chunks.py:306] Refine mapping ::: shift: 298.95197723165666 -> 298.95197723165666 scale: 104.1772833215257 -> 104.1772833215257
DEBUG [01:07:32.871:MainProcess:MainThread:data_chunks.py:306] Refine mapping ::: shift: 384.60086596167866 -> 384.60086596167866 scale: 126.57978688222984 -> 126.57978688222984
DEBUG [01:07:32.872:MainProcess:MainThread:data_chunks.py:306] Refine mapping ::: shift: 458.63924598702715 -> 458.63924598702715 scale: 138.23642913219754 -> 138.23642913219754
DEBUG [01:07:32.873:MainProcess:MainThread:data_chunks.py:306] Refine mapping ::: shift: 394.02306656956716 -> 394.02306656956716 scale: 118.11710040479437 -> 118.11710040479437
DEBUG [01:07:32.875:MainProcess:MainThread:data_chunks.py:306] Refine mapping ::: shift: 449.9548100636007 -> 449.9548100636007 scale: 129.42327900393695 -> 129.42327900393695
DEBUG [01:07:32.876:MainProcess:MainThread:data_chunks.py:306] Refine mapping ::: shift: 391.3537322585105 -> 391.3537322585105 scale: 122.07076136701204 -> 122.07076136701204
DEBUG [01:07:32.877:MainProcess:MainThread:data_chunks.py:306] Refine mapping ::: shift: 401.3285827458303 -> 401.3285827458303 scale: 126.16180752603385 -> 126.16180752603385
DEBUG [01:07:32.879:MainProcess:MainThread:data_chunks.py:306] Refine mapping ::: shift: 475.7383455022043 -> 475.7383455022043 scale: 128.57506721643105 -> 128.57506721643105
DEBUG [01:07:32.880:MainProcess:MainThread:data_chunks.py:306] Refine mapping ::: shift: 382.59935319538863 -> 382.59935319538863 scale: 115.60238547092113 -> 115.60238547092113
DEBUG [01:07:32.882:MainProcess:MainThread:data_chunks.py:306] Refine mapping ::: shift: 357.01631376768796 -> 357.01631376768796 scale: 117.09734506276152 -> 117.09734506276152
DEBUG [01:07:32.883:MainProcess:MainThread:data_chunks.py:306] Refine mapping ::: shift: 384.91289741175274 -> 384.91289741175274 scale: 119.77000997790392 -> 119.77000997790392
DEBUG [01:07:32.885:MainProcess:MainThread:data_chunks.py:306] Refine mapping ::: shift: 363.143921974402 -> 363.143921974402 scale: 120.41319562400004 -> 120.41319562400004
DEBUG [01:07:32.886:MainProcess:MainThread:data_chunks.py:306] Refine mapping ::: shift: 457.0507674353739 -> 457.0507674353739 scale: 142.62660232522074 -> 142.62660232522074
DEBUG [01:07:32.887:MainProcess:MainThread:data_chunks.py:306] Refine mapping ::: shift: 439.1603042612055 -> 439.1603042612055 scale: 135.91132886236858 -> 135.91132886236858
DEBUG [01:07:32.888:MainProcess:MainThread:data_chunks.py:306] Refine mapping ::: shift: 451.3341072750404 -> 451.3341072750404 scale: 134.27539630534724 -> 134.27539630534724
DEBUG [01:07:32.890:MainProcess:MainThread:data_chunks.py:306] Refine mapping ::: shift: 410.423509222313 -> 410.423509222313 scale: 127.44169895069342 -> 127.44169895069342
DEBUG [01:07:32.891:MainProcess:MainThread:data_chunks.py:306] Refine mapping ::: shift: 353.41199046381143 -> 353.41199046381143 scale: 130.16983067547284 -> 130.16983067547284
DEBUG [01:07:32.893:MainProcess:MainThread:data_chunks.py:306] Refine mapping ::: shift: 511.227081611607 -> 511.227081611607 scale: 137.70590203016837 -> 137.70590203016837
DEBUG [01:07:32.894:MainProcess:MainThread:data_chunks.py:306] Refine mapping ::: shift: 469.4968485087047 -> 469.4968485087047 scale: 138.78664157795882 -> 138.78664157795882
DEBUG [01:07:32.895:MainProcess:MainThread:data_chunks.py:306] Refine mapping ::: shift: 379.9763143566647 -> 379.9763143566647 scale: 113.27234359928178 -> 113.27234359928178
DEBUG [01:07:32.897:MainProcess:MainThread:data_chunks.py:306] Refine mapping ::: shift: 435.31615724288895 -> 435.31615724288895 scale: 129.5851618073586 -> 129.5851618073586
DEBUG [01:07:39.687:MainProcess:MainThread:data_chunks.py:306] Refine mapping ::: shift: 464.30913925441655 -> 464.30913925441655 scale: 140.40551397235257 -> 140.40551397235257
DEBUG [01:07:39.689:MainProcess:MainThread:data_chunks.py:306] Refine mapping ::: shift: 485.5502048723779 -> 485.5502048723779 scale: 142.979323396071 -> 142.979323396071
DEBUG [01:07:39.690:MainProcess:MainThread:data_chunks.py:306] Refine mapping ::: shift: 390.42888405310623 -> 390.42888405310623 scale: 116.7374518381272 -> 116.7374518381272
DEBUG [01:07:39.692:MainProcess:MainThread:data_chunks.py:306] Refine mapping ::: shift: 453.555575980944 -> 453.555575980944 scale: 135.0516490114373 -> 135.0516490114373
DEBUG [01:07:39.693:MainProcess:MainThread:data_chunks.py:306] Refine mapping ::: shift: 412.7396695785135 -> 412.7396695785135 scale: 123.31650958758665 -> 123.31650958758665
DEBUG [01:07:39.695:MainProcess:MainThread:data_chunks.py:306] Refine mapping ::: shift: 385.56771565239205 -> 385.56771565239205 scale: 114.0306723904149 -> 114.0306723904149
DEBUG [01:07:39.696:MainProcess:MainThread:data_chunks.py:306] Refine mapping ::: shift: 422.77976497450277 -> 422.77976497450277 scale: 114.15360376691257 -> 114.15360376691257
DEBUG [01:07:39.698:MainProcess:MainThread:data_chunks.py:306] Refine mapping ::: shift: 470.6575506869526 -> 470.6575506869526 scale: 139.3437394030673 -> 139.3437394030673
DEBUG [01:07:39.699:MainProcess:MainThread:data_chunks.py:306] Refine mapping ::: shift: 343.16614613985485 -> 343.16614613985485 scale: 105.07956083097258 -> 105.07956083097258
DEBUG [01:07:39.700:MainProcess:MainThread:data_chunks.py:306] Refine mapping ::: shift: 375.4527854757778 -> 375.4527854757778 scale: 118.20613732055591 -> 118.20613732055591
DEBUG [01:07:39.702:MainProcess:MainThread:data_chunks.py:306] Refine mapping ::: shift: 403.68448984434826 -> 403.68448984434826 scale: 116.43957795259155 -> 116.43957795259155
DEBUG [01:07:39.703:MainProcess:MainThread:data_chunks.py:306] Refine mapping ::: shift: 440.2255552089596 -> 440.2255552089596 scale: 126.38886931468703 -> 126.38886931468703
DEBUG [01:07:39.705:MainProcess:MainThread:data_chunks.py:306] Refine mapping ::: shift: 373.59784631826915 -> 373.59784631826915 scale: 116.39800559537629 -> 116.39800559537629
DEBUG [01:07:39.706:MainProcess:MainThread:data_chunks.py:306] Refine mapping ::: shift: 416.15885709896156 -> 416.15885709896156 scale: 125.55972083381721 -> 125.55972083381721
DEBUG [01:07:39.707:MainProcess:MainThread:data_chunks.py:306] Refine mapping ::: shift: 355.3169252398475 -> 355.3169252398475 scale: 105.89795246431639 -> 105.89795246431639
DEBUG [01:07:39.709:MainProcess:MainThread:data_chunks.py:306] Refine mapping ::: shift: 373.09881809356966 -> 373.09881809356966 scale: 107.1052668978802 -> 107.1052668978802
DEBUG [01:07:39.710:MainProcess:MainThread:data_chunks.py:306] Refine mapping ::: shift: 445.26752439861957 -> 445.26752439861957 scale: 146.82723444915655 -> 146.82723444915655
DEBUG [01:07:39.711:MainProcess:MainThread:data_chunks.py:306] Refine mapping ::: shift: 356.5227990049307 -> 356.5227990049307 scale: 113.38292480324968 -> 113.38292480324968
DEBUG [01:07:39.713:MainProcess:MainThread:data_chunks.py:306] Refine mapping ::: shift: 466.0467871346459 -> 466.0467871346459 scale: 129.23218823454533 -> 129.23218823454533
DEBUG [01:07:39.715:MainProcess:MainThread:data_chunks.py:306] Refine mapping ::: shift: 499.3886271563538 -> 499.3886271563538 scale: 133.60679153414756 -> 133.60679153414756
DEBUG [01:07:39.716:MainProcess:MainThread:data_chunks.py:306] Refine mapping ::: shift: 364.38000200532997 -> 364.38000200532997 scale: 118.1613180361371 -> 118.1613180361371
DEBUG [01:07:39.718:MainProcess:MainThread:data_chunks.py:306] Refine mapping ::: shift: 360.00954615947194 -> 360.00954615947194 scale: 109.92124864507483 -> 109.92124864507483
DEBUG [01:07:39.719:MainProcess:MainThread:data_chunks.py:306] Refine mapping ::: shift: 497.7740483491625 -> 497.7740483491625 scale: 137.32326101962593 -> 137.32326101962593
DEBUG [01:07:39.720:MainProcess:MainThread:data_chunks.py:306] Refine mapping ::: shift: 406.27475490903794 -> 406.27475490903794 scale: 120.84151959182165 -> 120.84151959182165
DEBUG [01:07:39.722:MainProcess:MainThread:data_chunks.py:306] Refine mapping ::: shift: 379.4603988172157 -> 379.4603988172157 scale: 114.63439874316195 -> 114.63439874316195
DEBUG [01:07:39.723:MainProcess:MainThread:data_chunks.py:306] Refine mapping ::: shift: 359.4802602067707 -> 359.4802602067707 scale: 117.62323631131956 -> 117.62323631131956
DEBUG [01:07:39.725:MainProcess:MainThread:data_chunks.py:306] Refine mapping ::: shift: 476.1702414985425 -> 476.1702414985425 scale: 141.945894069553 -> 141.945894069553
DEBUG [01:07:39.726:MainProcess:MainThread:data_chunks.py:306] Refine mapping ::: shift: 421.37805165213854 -> 421.37805165213854 scale: 139.17585126492384 -> 139.17585126492384
DEBUG [01:07:39.728:MainProcess:MainThread:data_chunks.py:306] Refine mapping ::: shift: 468.0216002180632 -> 468.0216002180632 scale: 129.56560604117067 -> 129.56560604117067
DEBUG [01:07:39.729:MainProcess:MainThread:data_chunks.py:306] Refine mapping ::: shift: 500.68525526712256 -> 500.68525526712256 scale: 144.27593409451367 -> 144.27593409451367
DEBUG [01:07:39.730:MainProcess:MainThread:data_chunks.py:306] Refine mapping ::: shift: 412.770254347593 -> 412.770254347593 scale: 125.57738023871607 -> 125.57738023871607
DEBUG [01:07:39.732:MainProcess:MainThread:data_chunks.py:306] Refine mapping ::: shift: 443.75795110946456 -> 443.75795110946456 scale: 129.6416695032805 -> 129.6416695032805
DEBUG [01:07:39.733:MainProcess:MainThread:data_chunks.py:306] Refine mapping ::: shift: 468.10433530665887 -> 468.10433530665887 scale: 134.81478821492502 -> 134.81478821492502
DEBUG [01:07:39.735:MainProcess:MainThread:data_chunks.py:306] Refine mapping ::: shift: 387.4599439007734 -> 387.4599439007734 scale: 129.60806990406792 -> 129.60806990406792
DEBUG [01:07:39.736:MainProcess:MainThread:data_chunks.py:306] Refine mapping ::: shift: 395.94546484663397 -> 395.94546484663397 scale: 128.4319172509604 -> 128.4319172509604
DEBUG [01:07:39.738:MainProcess:MainThread:data_chunks.py:306] Refine mapping ::: shift: 379.84152219833504 -> 379.84152219833504 scale: 112.14233969191638 -> 112.14233969191638
DEBUG [01:07:39.739:MainProcess:MainThread:data_chunks.py:306] Refine mapping ::: shift: 437.4466235604741 -> 437.4466235604741 scale: 129.63343766940778 -> 129.63343766940778
DEBUG [01:07:39.740:MainProcess:MainThread:data_chunks.py:306] Refine mapping ::: shift: 406.2751623846566 -> 406.2751623846566 scale: 112.86647158544633 -> 112.86647158544633
DEBUG [01:07:39.742:MainProcess:MainThread:data_chunks.py:306] Refine mapping ::: shift: 428.3313652140314 -> 428.3313652140314 scale: 131.3494658942587 -> 131.3494658942587
DEBUG [01:07:39.744:MainProcess:MainThread:data_chunks.py:306] Refine mapping ::: shift: 400.22606242124834 -> 400.22606242124834 scale: 120.87858874796925 -> 120.87858874796925
DEBUG [01:07:39.745:MainProcess:MainThread:data_chunks.py:306] Refine mapping ::: shift: 344.0388147350609 -> 344.0388147350609 scale: 108.90443552941873 -> 108.90443552941873
DEBUG [01:07:39.746:MainProcess:MainThread:data_chunks.py:306] Refine mapping ::: shift: 442.44906645065976 -> 442.44906645065976 scale: 124.87303571130933 -> 124.87303571130933
DEBUG [01:07:39.748:MainProcess:MainThread:data_chunks.py:306] Refine mapping ::: shift: 438.99453829263166 -> 438.99453829263166 scale: 131.45051093569893 -> 131.45051093569893
DEBUG [01:07:39.749:MainProcess:MainThread:data_chunks.py:306] Refine mapping ::: shift: 396.9054894310643 -> 396.9054894310643 scale: 118.69354193914192 -> 118.69354193914192
DEBUG [01:07:39.750:MainProcess:MainThread:data_chunks.py:306] Refine mapping ::: shift: 426.0806102110282 -> 426.0806102110282 scale: 119.22199893998126 -> 119.22199893998126
DEBUG [01:07:39.752:MainProcess:MainThread:data_chunks.py:306] Refine mapping ::: shift: 405.0348474765965 -> 405.0348474765965 scale: 121.83402117114878 -> 121.83402117114878
DEBUG [01:07:39.753:MainProcess:MainThread:data_chunks.py:306] Refine mapping ::: shift: 401.62498505974213 -> 401.62498505974213 scale: 122.473223580987 -> 122.473223580987
DEBUG [01:07:39.754:MainProcess:MainThread:data_chunks.py:306] Refine mapping ::: shift: 397.7974309243782 -> 397.7974309243782 scale: 110.98639310921253 -> 110.98639310921253
DEBUG [01:07:39.756:MainProcess:MainThread:data_chunks.py:306] Refine mapping ::: shift: 414.4264299889485 -> 414.4264299889485 scale: 109.82434511230514 -> 109.82434511230514
DEBUG [01:07:39.757:MainProcess:MainThread:data_chunks.py:306] Refine mapping ::: shift: 400.0264455126048 -> 400.0264455126048 scale: 119.63863291277674 -> 119.63863291277674
DEBUG [01:07:45.219:MainProcess:MainThread:data_chunks.py:306] Refine mapping ::: shift: 392.03898587484036 -> 392.03898587484036 scale: 113.63380247097416 -> 113.63380247097416
DEBUG [01:07:45.221:MainProcess:MainThread:data_chunks.py:306] Refine mapping ::: shift: 371.7414158227375 -> 371.7414158227375 scale: 123.92206330903598 -> 123.92206330903598
DEBUG [01:07:45.223:MainProcess:MainThread:data_chunks.py:306] Refine mapping ::: shift: 381.9082316146905 -> 381.9082316146905 scale: 124.02091286341613 -> 124.02091286341613
DEBUG [01:07:45.224:MainProcess:MainThread:data_chunks.py:306] Refine mapping ::: shift: 417.3435851511565 -> 417.3435851511565 scale: 117.70806633590894 -> 117.70806633590894
DEBUG [01:07:45.225:MainProcess:MainThread:data_chunks.py:306] Refine mapping ::: shift: 315.2027185377733 -> 315.2027185377733 scale: 101.68601139734581 -> 101.68601139734581
DEBUG [01:07:45.227:MainProcess:MainThread:data_chunks.py:306] Refine mapping ::: shift: 400.97821352859773 -> 400.97821352859773 scale: 116.41259298726978 -> 116.41259298726978
DEBUG [01:07:45.228:MainProcess:MainThread:data_chunks.py:306] Refine mapping ::: shift: 392.7157819830668 -> 392.7157819830668 scale: 122.23295107044615 -> 122.23295107044615
DEBUG [01:07:45.230:MainProcess:MainThread:data_chunks.py:306] Refine mapping ::: shift: 423.9715997606106 -> 423.9715997606106 scale: 120.64655716962471 -> 120.64655716962471
DEBUG [01:07:45.231:MainProcess:MainThread:data_chunks.py:306] Refine mapping ::: shift: 377.11776448541605 -> 377.11776448541605 scale: 123.46997177871957 -> 123.46997177871957
DEBUG [01:07:45.233:MainProcess:MainThread:data_chunks.py:306] Refine mapping ::: shift: 415.25043503321785 -> 415.25043503321785 scale: 113.20275210453616 -> 113.20275210453616
DEBUG [01:07:45.234:MainProcess:MainThread:data_chunks.py:306] Refine mapping ::: shift: 453.9213085034794 -> 453.9213085034794 scale: 128.91045224586534 -> 128.91045224586534
DEBUG [01:07:45.236:MainProcess:MainThread:data_chunks.py:306] Refine mapping ::: shift: 337.8637077461185 -> 337.8637077461185 scale: 105.31368811582126 -> 105.31368811582126
DEBUG [01:07:45.237:MainProcess:MainThread:data_chunks.py:306] Refine mapping ::: shift: 510.1184151471416 -> 510.1184151471416 scale: 141.8985240990034 -> 141.8985240990034
DEBUG [01:07:45.239:MainProcess:MainThread:data_chunks.py:306] Refine mapping ::: shift: 399.82100998945407 -> 399.82100998945407 scale: 116.09525363646613 -> 116.09525363646613
DEBUG [01:07:45.240:MainProcess:MainThread:data_chunks.py:306] Refine mapping ::: shift: 386.6461115208949 -> 386.6461115208949 scale: 120.40649625013346 -> 120.40649625013346
DEBUG [01:07:45.241:MainProcess:MainThread:data_chunks.py:306] Refine mapping ::: shift: 389.08742632196845 -> 389.08742632196845 scale: 120.21310029084066 -> 120.21310029084066
DEBUG [01:07:45.243:MainProcess:MainThread:data_chunks.py:306] Refine mapping ::: shift: 353.3703545129165 -> 353.3703545129165 scale: 110.32966531060447 -> 110.32966531060447
DEBUG [01:07:45.244:MainProcess:MainThread:data_chunks.py:306] Refine mapping ::: shift: 472.73091761981345 -> 472.73091761981345 scale: 126.22766869267458 -> 126.22766869267458
DEBUG [01:07:45.246:MainProcess:MainThread:data_chunks.py:306] Refine mapping ::: shift: 422.6646039465031 -> 422.6646039465031 scale: 128.21879592557622 -> 128.21879592557622
DEBUG [01:07:45.247:MainProcess:MainThread:data_chunks.py:306] Refine mapping ::: shift: 411.9849147001423 -> 411.9849147001423 scale: 129.35092102257082 -> 129.35092102257082
DEBUG [01:07:45.249:MainProcess:MainThread:data_chunks.py:306] Refine mapping ::: shift: 463.1530326043144 -> 463.1530326043144 scale: 135.99884052898562 -> 135.99884052898562
DEBUG [01:07:45.250:MainProcess:MainThread:data_chunks.py:306] Refine mapping ::: shift: 361.09693160032066 -> 361.09693160032066 scale: 118.03897583650475 -> 118.03897583650475
DEBUG [01:07:45.251:MainProcess:MainThread:data_chunks.py:306] Refine mapping ::: shift: 349.04389805054143 -> 349.04389805054143 scale: 116.79002885015996 -> 116.79002885015996
DEBUG [01:07:45.253:MainProcess:MainThread:data_chunks.py:306] Refine mapping ::: shift: 389.0901937297317 -> 389.0901937297317 scale: 118.91490872398897 -> 118.91490872398897
DEBUG [01:07:45.254:MainProcess:MainThread:data_chunks.py:306] Refine mapping ::: shift: 391.29284474577344 -> 391.29284474577344 scale: 114.50812245019135 -> 114.50812245019135
DEBUG [01:07:45.255:MainProcess:MainThread:data_chunks.py:306] Refine mapping ::: shift: 466.8721902619818 -> 466.8721902619818 scale: 132.338189540726 -> 132.338189540726
DEBUG [01:07:45.257:MainProcess:MainThread:data_chunks.py:306] Refine mapping ::: shift: 364.48211279515 -> 364.48211279515 scale: 122.53591671794804 -> 122.53591671794804
DEBUG [01:07:45.258:MainProcess:MainThread:data_chunks.py:306] Refine mapping ::: shift: 402.40122443453265 -> 402.40122443453265 scale: 121.48857954931928 -> 121.48857954931928
DEBUG [01:07:45.260:MainProcess:MainThread:data_chunks.py:306] Refine mapping ::: shift: 467.0131787819764 -> 467.0131787819764 scale: 127.69466081876351 -> 127.69466081876351
DEBUG [01:07:45.262:MainProcess:MainThread:data_chunks.py:306] Refine mapping ::: shift: 402.2435041968952 -> 402.2435041968952 scale: 138.7398020924263 -> 138.7398020924263
DEBUG [01:07:45.263:MainProcess:MainThread:data_chunks.py:306] Refine mapping ::: shift: 474.48146350141405 -> 474.48146350141405 scale: 144.80662263374316 -> 144.80662263374316
DEBUG [01:07:45.265:MainProcess:MainThread:data_chunks.py:306] Refine mapping ::: shift: 454.779255845056 -> 454.779255845056 scale: 146.54221194607572 -> 146.54221194607572
DEBUG [01:07:45.266:MainProcess:MainThread:data_chunks.py:306] Refine mapping ::: shift: 374.81384434527126 -> 374.81384434527126 scale: 114.96349351403508 -> 114.96349351403508
DEBUG [01:07:45.267:MainProcess:MainThread:data_chunks.py:306] Refine mapping ::: shift: 471.6769233396128 -> 471.6769233396128 scale: 123.08922694899367 -> 123.08922694899367
DEBUG [01:07:45.269:MainProcess:MainThread:data_chunks.py:306] Refine mapping ::: shift: 407.35753301964087 -> 407.35753301964087 scale: 111.88129914060482 -> 111.88129914060482
DEBUG [01:07:45.270:MainProcess:MainThread:data_chunks.py:306] Refine mapping ::: shift: 400.4823633285314 -> 400.4823633285314 scale: 118.5640922968553 -> 118.5640922968553
DEBUG [01:07:45.271:MainProcess:MainThread:data_chunks.py:306] Refine mapping ::: shift: 402.84695183416466 -> 402.84695183416466 scale: 118.9104478553773 -> 118.9104478553773
DEBUG [01:07:45.273:MainProcess:MainThread:data_chunks.py:306] Refine mapping ::: shift: 394.78046085492565 -> 394.78046085492565 scale: 119.27453790958432 -> 119.27453790958432
DEBUG [01:07:45.274:MainProcess:MainThread:data_chunks.py:306] Refine mapping ::: shift: 516.7642045335774 -> 516.7642045335774 scale: 144.89156669713566 -> 144.89156669713566
DEBUG [01:07:45.275:MainProcess:MainThread:data_chunks.py:306] Refine mapping ::: shift: 452.2814673064797 -> 452.2814673064797 scale: 130.66733884213392 -> 130.66733884213392
DEBUG [01:07:45.280:MainProcess:MainThread:data_chunks.py:306] Refine mapping ::: shift: 447.99496650501305 -> 447.99496650501305 scale: 134.2126561919377 -> 134.2126561919377
DEBUG [01:07:45.282:MainProcess:MainThread:data_chunks.py:306] Refine mapping ::: shift: 450.424998914159 -> 450.424998914159 scale: 125.85976271095002 -> 125.85976271095002
DEBUG [01:07:45.283:MainProcess:MainThread:data_chunks.py:306] Refine mapping ::: shift: 478.797871089884 -> 478.797871089884 scale: 149.46417323190212 -> 149.46417323190212
DEBUG [01:07:45.285:MainProcess:MainThread:data_chunks.py:306] Refine mapping ::: shift: 457.79362873992204 -> 457.79362873992204 scale: 147.09542927755953 -> 147.09542927755953
DEBUG [01:07:45.286:MainProcess:MainThread:data_chunks.py:306] Refine mapping ::: shift: 476.53812168178956 -> 476.53812168178956 scale: 141.05161781014812 -> 141.05161781014812
DEBUG [01:07:45.287:MainProcess:MainThread:data_chunks.py:306] Refine mapping ::: shift: 332.67262628246317 -> 332.67262628246317 scale: 115.27372092218361 -> 115.27372092218361
DEBUG [01:07:45.288:MainProcess:MainThread:data_chunks.py:306] Refine mapping ::: shift: 507.4500706397848 -> 507.4500706397848 scale: 129.5571598816554 -> 129.5571598816554
DEBUG [01:07:45.290:MainProcess:MainThread:data_chunks.py:306] Refine mapping ::: shift: 357.81132691667653 -> 357.81132691667653 scale: 122.67384094605937 -> 122.67384094605937
DEBUG [01:07:45.291:MainProcess:MainThread:data_chunks.py:306] Refine mapping ::: shift: 483.516649565076 -> 483.516649565076 scale: 139.46425759139362 -> 139.46425759139362
DEBUG [01:07:45.292:MainProcess:MainThread:data_chunks.py:306] Refine mapping ::: shift: 368.1520505330691 -> 368.1520505330691 scale: 121.06447926866566 -> 121.06447926866566
[01:07:53.479] Done
